ARM GAS  /var/folders/n8/cvzdcwlj0vl4g_wtyz1ffy300000gn/T//cc2YIMF6.s 			page 1


   1              		.cpu cortex-m7
   2              		.eabi_attribute 27, 1
   3              		.eabi_attribute 28, 1
   4              		.eabi_attribute 20, 1
   5              		.eabi_attribute 21, 1
   6              		.eabi_attribute 23, 3
   7              		.eabi_attribute 24, 1
   8              		.eabi_attribute 25, 1
   9              		.eabi_attribute 26, 1
  10              		.eabi_attribute 30, 1
  11              		.eabi_attribute 34, 1
  12              		.eabi_attribute 18, 4
  13              		.file	"Ft_Esd_Theme.c"
  14              		.text
  15              	.Ltext0:
  16              		.cfi_sections	.debug_frame
  17              		.section	.text.Ft_Esd_Theme_SetCurrent,"ax",%progbits
  18              		.align	1
  19              		.global	Ft_Esd_Theme_SetCurrent
  20              		.syntax unified
  21              		.thumb
  22              		.thumb_func
  23              		.fpu fpv5-sp-d16
  25              	Ft_Esd_Theme_SetCurrent:
  26              	.LFB9:
  27              		.file 1 "FT_Esd_Widgets/Ft_Esd_Theme.c"
   1:FT_Esd_Widgets/Ft_Esd_Theme.c **** 
   2:FT_Esd_Widgets/Ft_Esd_Theme.c **** #include "FT_Esd_DefaultTheme.h"
   3:FT_Esd_Widgets/Ft_Esd_Theme.c **** #include "FT_Esd_Theme.h"
   4:FT_Esd_Widgets/Ft_Esd_Theme.c **** 
   5:FT_Esd_Widgets/Ft_Esd_Theme.c **** extern ft_rgb32_t Ft_Esd_ClearColor;
   6:FT_Esd_Widgets/Ft_Esd_Theme.c **** 
   7:FT_Esd_Widgets/Ft_Esd_Theme.c **** Ft_Esd_Theme Ft_Esd_DefaultTheme = {
   8:FT_Esd_Widgets/Ft_Esd_Theme.c **** 	.ClearColor = 0x212121,
   9:FT_Esd_Widgets/Ft_Esd_Theme.c **** 	.BackColor = 0x151515,
  10:FT_Esd_Widgets/Ft_Esd_Theme.c **** 	.TextColor = 0xFFFFFF,
  11:FT_Esd_Widgets/Ft_Esd_Theme.c **** 	.ButtonTextColor = 0xFFFFFF,
  12:FT_Esd_Widgets/Ft_Esd_Theme.c **** 	.DefaultColor = 0x6B6B6B,
  13:FT_Esd_Widgets/Ft_Esd_Theme.c **** 	.PrimaryColor = 0xFF7F3F
  14:FT_Esd_Widgets/Ft_Esd_Theme.c **** };
  15:FT_Esd_Widgets/Ft_Esd_Theme.c **** 
  16:FT_Esd_Widgets/Ft_Esd_Theme.c **** static Ft_Esd_Theme *s_DefaultTheme = &Ft_Esd_DefaultTheme;
  17:FT_Esd_Widgets/Ft_Esd_Theme.c **** 
  18:FT_Esd_Widgets/Ft_Esd_Theme.c **** void Ft_Esd_Theme_SetCurrent(Ft_Esd_Theme *theme)
  19:FT_Esd_Widgets/Ft_Esd_Theme.c **** {
  28              		.loc 1 19 0
  29              		.cfi_startproc
  30              		@ args = 0, pretend = 0, frame = 0
  31              		@ frame_needed = 0, uses_anonymous_args = 0
  32              		@ link register save eliminated.
  33              	.LVL0:
  20:FT_Esd_Widgets/Ft_Esd_Theme.c **** 	if (!theme)
  34              		.loc 1 20 0
  35 0000 0346     		mov	r3, r0
  36 0002 28B1     		cbz	r0, .L4
  37              	.L2:
  38              	.LVL1:
ARM GAS  /var/folders/n8/cvzdcwlj0vl4g_wtyz1ffy300000gn/T//cc2YIMF6.s 			page 2


  21:FT_Esd_Widgets/Ft_Esd_Theme.c **** 		theme = &Ft_Esd_DefaultTheme;
  22:FT_Esd_Widgets/Ft_Esd_Theme.c **** 
  23:FT_Esd_Widgets/Ft_Esd_Theme.c **** 	s_DefaultTheme = theme;
  39              		.loc 1 23 0
  40 0004 034A     		ldr	r2, .L5
  41 0006 1360     		str	r3, [r2]
  24:FT_Esd_Widgets/Ft_Esd_Theme.c **** 	Ft_Esd_ClearColor = theme->ClearColor;
  42              		.loc 1 24 0
  43 0008 1A68     		ldr	r2, [r3]
  44 000a 034B     		ldr	r3, .L5+4
  45              	.LVL2:
  46 000c 1A60     		str	r2, [r3]
  25:FT_Esd_Widgets/Ft_Esd_Theme.c **** }
  47              		.loc 1 25 0
  48 000e 7047     		bx	lr
  49              	.LVL3:
  50              	.L4:
  21:FT_Esd_Widgets/Ft_Esd_Theme.c **** 		theme = &Ft_Esd_DefaultTheme;
  51              		.loc 1 21 0
  52 0010 024B     		ldr	r3, .L5+8
  53 0012 F7E7     		b	.L2
  54              	.L6:
  55              		.align	2
  56              	.L5:
  57 0014 00000000 		.word	.LANCHOR1
  58 0018 00000000 		.word	Ft_Esd_ClearColor
  59 001c 00000000 		.word	.LANCHOR0
  60              		.cfi_endproc
  61              	.LFE9:
  63              		.section	.text.Ft_Esd_Theme_GetCurrent,"ax",%progbits
  64              		.align	1
  65              		.global	Ft_Esd_Theme_GetCurrent
  66              		.syntax unified
  67              		.thumb
  68              		.thumb_func
  69              		.fpu fpv5-sp-d16
  71              	Ft_Esd_Theme_GetCurrent:
  72              	.LFB10:
  26:FT_Esd_Widgets/Ft_Esd_Theme.c **** 
  27:FT_Esd_Widgets/Ft_Esd_Theme.c **** Ft_Esd_Theme *Ft_Esd_Theme_GetCurrent()
  28:FT_Esd_Widgets/Ft_Esd_Theme.c **** {
  73              		.loc 1 28 0
  74              		.cfi_startproc
  75              		@ args = 0, pretend = 0, frame = 0
  76              		@ frame_needed = 0, uses_anonymous_args = 0
  77              		@ link register save eliminated.
  29:FT_Esd_Widgets/Ft_Esd_Theme.c **** 	return s_DefaultTheme;
  30:FT_Esd_Widgets/Ft_Esd_Theme.c **** }
  78              		.loc 1 30 0
  79 0000 014B     		ldr	r3, .L8
  80 0002 1868     		ldr	r0, [r3]
  81 0004 7047     		bx	lr
  82              	.L9:
  83 0006 00BF     		.align	2
  84              	.L8:
  85 0008 00000000 		.word	.LANCHOR1
  86              		.cfi_endproc
ARM GAS  /var/folders/n8/cvzdcwlj0vl4g_wtyz1ffy300000gn/T//cc2YIMF6.s 			page 3


  87              	.LFE10:
  89              		.global	Ft_Esd_DefaultTheme
  90              		.section	.data.Ft_Esd_DefaultTheme,"aw",%progbits
  91              		.align	2
  92              		.set	.LANCHOR0,. + 0
  95              	Ft_Esd_DefaultTheme:
  96 0000 21212100 		.word	2171169
  97 0004 15151500 		.word	1381653
  98 0008 FFFFFF00 		.word	16777215
  99 000c FFFFFF00 		.word	16777215
 100 0010 6B6B6B00 		.word	7039851
 101 0014 3F7FFF00 		.word	16744255
 102              		.section	.data.s_DefaultTheme,"aw",%progbits
 103              		.align	2
 104              		.set	.LANCHOR1,. + 0
 107              	s_DefaultTheme:
 108 0000 00000000 		.word	Ft_Esd_DefaultTheme
 109              		.text
 110              	.Letext0:
 111              		.file 2 "FT_Eve_Hal/FT_DataTypes.h"
 112              		.file 3 "/usr/local/Cellar/arm-none-eabi-gcc/20180627/arm-none-eabi/include/sys/lock.h"
 113              		.file 4 "/usr/local/Cellar/arm-none-eabi-gcc/20180627/arm-none-eabi/include/sys/_types.h"
 114              		.file 5 "/usr/local/Cellar/arm-none-eabi-gcc/20180627/lib/gcc/arm-none-eabi/7.3.1/include/stddef.h
 115              		.file 6 "/usr/local/Cellar/arm-none-eabi-gcc/20180627/arm-none-eabi/include/sys/unistd.h"
 116              		.file 7 "/usr/local/Cellar/arm-none-eabi-gcc/20180627/arm-none-eabi/include/sys/reent.h"
 117              		.file 8 "/usr/local/Cellar/arm-none-eabi-gcc/20180627/arm-none-eabi/include/stdlib.h"
 118              		.file 9 "FT_Esd_Framework/Ft_Esd.h"
 119              		.file 10 "FT_Esd_Widgets/FT_Esd_Theme.h"
 120              		.file 11 "FT_Esd_Widgets/FT_Esd_DefaultTheme.h"
ARM GAS  /var/folders/n8/cvzdcwlj0vl4g_wtyz1ffy300000gn/T//cc2YIMF6.s 			page 4


DEFINED SYMBOLS
                            *ABS*:0000000000000000 Ft_Esd_Theme.c
/var/folders/n8/cvzdcwlj0vl4g_wtyz1ffy300000gn/T//cc2YIMF6.s:18     .text.Ft_Esd_Theme_SetCurrent:0000000000000000 $t
/var/folders/n8/cvzdcwlj0vl4g_wtyz1ffy300000gn/T//cc2YIMF6.s:25     .text.Ft_Esd_Theme_SetCurrent:0000000000000000 Ft_Esd_Theme_SetCurrent
/var/folders/n8/cvzdcwlj0vl4g_wtyz1ffy300000gn/T//cc2YIMF6.s:57     .text.Ft_Esd_Theme_SetCurrent:0000000000000014 $d
/var/folders/n8/cvzdcwlj0vl4g_wtyz1ffy300000gn/T//cc2YIMF6.s:64     .text.Ft_Esd_Theme_GetCurrent:0000000000000000 $t
/var/folders/n8/cvzdcwlj0vl4g_wtyz1ffy300000gn/T//cc2YIMF6.s:71     .text.Ft_Esd_Theme_GetCurrent:0000000000000000 Ft_Esd_Theme_GetCurrent
/var/folders/n8/cvzdcwlj0vl4g_wtyz1ffy300000gn/T//cc2YIMF6.s:85     .text.Ft_Esd_Theme_GetCurrent:0000000000000008 $d
/var/folders/n8/cvzdcwlj0vl4g_wtyz1ffy300000gn/T//cc2YIMF6.s:95     .data.Ft_Esd_DefaultTheme:0000000000000000 Ft_Esd_DefaultTheme
/var/folders/n8/cvzdcwlj0vl4g_wtyz1ffy300000gn/T//cc2YIMF6.s:91     .data.Ft_Esd_DefaultTheme:0000000000000000 $d
/var/folders/n8/cvzdcwlj0vl4g_wtyz1ffy300000gn/T//cc2YIMF6.s:103    .data.s_DefaultTheme:0000000000000000 $d
/var/folders/n8/cvzdcwlj0vl4g_wtyz1ffy300000gn/T//cc2YIMF6.s:107    .data.s_DefaultTheme:0000000000000000 s_DefaultTheme

UNDEFINED SYMBOLS
Ft_Esd_ClearColor
