ARM GAS  /var/folders/n8/cvzdcwlj0vl4g_wtyz1ffy300000gn/T//ccmA0Ik5.s 			page 1


   1              		.cpu cortex-m7
   2              		.eabi_attribute 27, 1
   3              		.eabi_attribute 28, 1
   4              		.eabi_attribute 20, 1
   5              		.eabi_attribute 21, 1
   6              		.eabi_attribute 23, 3
   7              		.eabi_attribute 24, 1
   8              		.eabi_attribute 25, 1
   9              		.eabi_attribute 26, 1
  10              		.eabi_attribute 30, 1
  11              		.eabi_attribute 34, 1
  12              		.eabi_attribute 18, 4
  13              		.file	"Ft_Esd_TouchArea__Generated.c"
  14              		.text
  15              	.Ltext0:
  16              		.cfi_sections	.debug_frame
  17              		.section	.text.Ft_Esd_TouchArea_X__Default,"ax",%progbits
  18              		.align	1
  19              		.global	Ft_Esd_TouchArea_X__Default
  20              		.syntax unified
  21              		.thumb
  22              		.thumb_func
  23              		.fpu fpv5-sp-d16
  25              	Ft_Esd_TouchArea_X__Default:
  26              	.LFB3:
  27              		.file 1 "FT_Esd_Framework/Ft_Esd_TouchArea__Generated.c"
   1:FT_Esd_Framework/Ft_Esd_TouchArea__Generated.c **** /*
   2:FT_Esd_Framework/Ft_Esd_TouchArea__Generated.c **** This file is automatically generated
   3:FT_Esd_Framework/Ft_Esd_TouchArea__Generated.c **** Ft_Esd_TouchArea
   4:FT_Esd_Framework/Ft_Esd_TouchArea__Generated.c **** C Source
   5:FT_Esd_Framework/Ft_Esd_TouchArea__Generated.c **** */
   6:FT_Esd_Framework/Ft_Esd_TouchArea__Generated.c **** 
   7:FT_Esd_Framework/Ft_Esd_TouchArea__Generated.c **** #include "Ft_Esd_TouchArea.h"
   8:FT_Esd_Framework/Ft_Esd_TouchArea__Generated.c **** 
   9:FT_Esd_Framework/Ft_Esd_TouchArea__Generated.c **** #include "Ft_Esd_TouchTag.h"
  10:FT_Esd_Framework/Ft_Esd_TouchArea__Generated.c **** 
  11:FT_Esd_Framework/Ft_Esd_TouchArea__Generated.c **** extern void Ft_Esd_Noop(void *context);
  12:FT_Esd_Framework/Ft_Esd_TouchArea__Generated.c **** int Ft_Esd_TouchArea_X__Default(void *context) { return 0L; }
  28              		.loc 1 12 0
  29              		.cfi_startproc
  30              		@ args = 0, pretend = 0, frame = 0
  31              		@ frame_needed = 0, uses_anonymous_args = 0
  32              		@ link register save eliminated.
  33              	.LVL0:
  34              		.loc 1 12 0
  35 0000 0020     		movs	r0, #0
  36              	.LVL1:
  37 0002 7047     		bx	lr
  38              		.cfi_endproc
  39              	.LFE3:
  41              		.section	.text.Ft_Esd_TouchArea_Y__Default,"ax",%progbits
  42              		.align	1
  43              		.global	Ft_Esd_TouchArea_Y__Default
  44              		.syntax unified
  45              		.thumb
  46              		.thumb_func
  47              		.fpu fpv5-sp-d16
ARM GAS  /var/folders/n8/cvzdcwlj0vl4g_wtyz1ffy300000gn/T//ccmA0Ik5.s 			page 2


  49              	Ft_Esd_TouchArea_Y__Default:
  50              	.LFB4:
  13:FT_Esd_Framework/Ft_Esd_TouchArea__Generated.c **** int Ft_Esd_TouchArea_Y__Default(void *context) { return 0L; }
  51              		.loc 1 13 0
  52              		.cfi_startproc
  53              		@ args = 0, pretend = 0, frame = 0
  54              		@ frame_needed = 0, uses_anonymous_args = 0
  55              		@ link register save eliminated.
  56              	.LVL2:
  57              		.loc 1 13 0
  58 0000 0020     		movs	r0, #0
  59              	.LVL3:
  60 0002 7047     		bx	lr
  61              		.cfi_endproc
  62              	.LFE4:
  64              		.section	.text.Ft_Esd_TouchArea_Width__Default,"ax",%progbits
  65              		.align	1
  66              		.global	Ft_Esd_TouchArea_Width__Default
  67              		.syntax unified
  68              		.thumb
  69              		.thumb_func
  70              		.fpu fpv5-sp-d16
  72              	Ft_Esd_TouchArea_Width__Default:
  73              	.LFB5:
  14:FT_Esd_Framework/Ft_Esd_TouchArea__Generated.c **** int Ft_Esd_TouchArea_Width__Default(void *context) { return 0L; }
  74              		.loc 1 14 0
  75              		.cfi_startproc
  76              		@ args = 0, pretend = 0, frame = 0
  77              		@ frame_needed = 0, uses_anonymous_args = 0
  78              		@ link register save eliminated.
  79              	.LVL4:
  80              		.loc 1 14 0
  81 0000 0020     		movs	r0, #0
  82              	.LVL5:
  83 0002 7047     		bx	lr
  84              		.cfi_endproc
  85              	.LFE5:
  87              		.section	.text.Ft_Esd_TouchArea_Height__Default,"ax",%progbits
  88              		.align	1
  89              		.global	Ft_Esd_TouchArea_Height__Default
  90              		.syntax unified
  91              		.thumb
  92              		.thumb_func
  93              		.fpu fpv5-sp-d16
  95              	Ft_Esd_TouchArea_Height__Default:
  96              	.LFB6:
  15:FT_Esd_Framework/Ft_Esd_TouchArea__Generated.c **** int Ft_Esd_TouchArea_Height__Default(void *context) { return 0L; }
  97              		.loc 1 15 0
  98              		.cfi_startproc
  99              		@ args = 0, pretend = 0, frame = 0
 100              		@ frame_needed = 0, uses_anonymous_args = 0
 101              		@ link register save eliminated.
 102              	.LVL6:
 103              		.loc 1 15 0
 104 0000 0020     		movs	r0, #0
 105              	.LVL7:
 106 0002 7047     		bx	lr
ARM GAS  /var/folders/n8/cvzdcwlj0vl4g_wtyz1ffy300000gn/T//ccmA0Ik5.s 			page 3


 107              		.cfi_endproc
 108              	.LFE6:
 110              		.section	.text.Ft_Esd_TouchArea_Ft_Esd_TouchArea_IsInBounds__return,"ax",%progbits
 111              		.align	1
 112              		.syntax unified
 113              		.thumb
 114              		.thumb_func
 115              		.fpu fpv5-sp-d16
 117              	Ft_Esd_TouchArea_Ft_Esd_TouchArea_IsInBounds__return:
 118              	.LFB9:
  16:FT_Esd_Framework/Ft_Esd_TouchArea__Generated.c **** 
  17:FT_Esd_Framework/Ft_Esd_TouchArea__Generated.c **** 
  18:FT_Esd_Framework/Ft_Esd_TouchArea__Generated.c **** 
  19:FT_Esd_Framework/Ft_Esd_TouchArea__Generated.c **** void Ft_Esd_TouchArea__Initializer(Ft_Esd_TouchArea *context)
  20:FT_Esd_Framework/Ft_Esd_TouchArea__Generated.c **** {
  21:FT_Esd_Framework/Ft_Esd_TouchArea__Generated.c **** 	context->Parent = 0;
  22:FT_Esd_Framework/Ft_Esd_TouchArea__Generated.c **** 	context->Up = Ft_Esd_Noop;
  23:FT_Esd_Framework/Ft_Esd_TouchArea__Generated.c **** 	context->LastTouching = 0;
  24:FT_Esd_Framework/Ft_Esd_TouchArea__Generated.c **** 	context->Down = Ft_Esd_Noop;
  25:FT_Esd_Framework/Ft_Esd_TouchArea__Generated.c **** 	context->Touching = 0;
  26:FT_Esd_Framework/Ft_Esd_TouchArea__Generated.c **** 	context->X = Ft_Esd_TouchArea_X__Default;
  27:FT_Esd_Framework/Ft_Esd_TouchArea__Generated.c **** 	context->Y = Ft_Esd_TouchArea_Y__Default;
  28:FT_Esd_Framework/Ft_Esd_TouchArea__Generated.c **** 	context->Width = Ft_Esd_TouchArea_Width__Default;
  29:FT_Esd_Framework/Ft_Esd_TouchArea__Generated.c **** 	context->Height = Ft_Esd_TouchArea_Height__Default;
  30:FT_Esd_Framework/Ft_Esd_TouchArea__Generated.c **** }
  31:FT_Esd_Framework/Ft_Esd_TouchArea__Generated.c **** 
  32:FT_Esd_Framework/Ft_Esd_TouchArea__Generated.c **** static ft_bool_t Ft_Esd_TouchArea_Ft_Esd_TouchArea_IsInBounds__return(Ft_Esd_TouchArea *context);
  33:FT_Esd_Framework/Ft_Esd_TouchArea__Generated.c **** 
  34:FT_Esd_Framework/Ft_Esd_TouchArea__Generated.c **** void Ft_Esd_TouchArea_Update_TouchTag(Ft_Esd_TouchArea *context);
  35:FT_Esd_Framework/Ft_Esd_TouchArea__Generated.c **** ft_uint8_t Ft_Esd_TouchTag_CurrentTag(Ft_Esd_TouchTag *);
  36:FT_Esd_Framework/Ft_Esd_TouchArea__Generated.c **** ft_bool_t Ft_Esd_TouchArea_IsInBounds(Ft_Esd_TouchArea *context);
  37:FT_Esd_Framework/Ft_Esd_TouchArea__Generated.c **** ft_int16_t Ft_Esd_TouchTag_TouchX(Ft_Esd_TouchTag *);
  38:FT_Esd_Framework/Ft_Esd_TouchArea__Generated.c **** ft_int16_t Ft_Esd_TouchTag_TouchY(Ft_Esd_TouchTag *);
  39:FT_Esd_Framework/Ft_Esd_TouchArea__Generated.c **** 
  40:FT_Esd_Framework/Ft_Esd_TouchArea__Generated.c **** void Ft_Esd_TouchArea_Update(Ft_Esd_TouchArea *context)
  41:FT_Esd_Framework/Ft_Esd_TouchArea__Generated.c **** {
  42:FT_Esd_Framework/Ft_Esd_TouchArea__Generated.c **** 	void *parent = context->Parent;
  43:FT_Esd_Framework/Ft_Esd_TouchArea__Generated.c **** 	Ft_Esd_TouchArea_Update_TouchTag(context);
  44:FT_Esd_Framework/Ft_Esd_TouchArea__Generated.c **** 	Ft_Esd_TouchTag * context_1 = 0x0;
  45:FT_Esd_Framework/Ft_Esd_TouchArea__Generated.c **** 	ft_uint8_t left_1 = Ft_Esd_TouchTag_CurrentTag(context_1);
  46:FT_Esd_Framework/Ft_Esd_TouchArea__Generated.c **** 	ft_uint8_t right = 0;
  47:FT_Esd_Framework/Ft_Esd_TouchArea__Generated.c **** 	int left = left_1 != right;
  48:FT_Esd_Framework/Ft_Esd_TouchArea__Generated.c **** 	ft_bool_t right_1 = context->LastTouching;
  49:FT_Esd_Framework/Ft_Esd_TouchArea__Generated.c **** 	int if_1 = left != right_1;
  50:FT_Esd_Framework/Ft_Esd_TouchArea__Generated.c **** 	if (if_1)
  51:FT_Esd_Framework/Ft_Esd_TouchArea__Generated.c **** 	{
  52:FT_Esd_Framework/Ft_Esd_TouchArea__Generated.c **** 		ft_bool_t if_2 = context->Touching;
  53:FT_Esd_Framework/Ft_Esd_TouchArea__Generated.c **** 		if (if_2)
  54:FT_Esd_Framework/Ft_Esd_TouchArea__Generated.c **** 		{
  55:FT_Esd_Framework/Ft_Esd_TouchArea__Generated.c **** 			context->Up(parent);
  56:FT_Esd_Framework/Ft_Esd_TouchArea__Generated.c **** 		}
  57:FT_Esd_Framework/Ft_Esd_TouchArea__Generated.c **** 		else
  58:FT_Esd_Framework/Ft_Esd_TouchArea__Generated.c **** 		{
  59:FT_Esd_Framework/Ft_Esd_TouchArea__Generated.c **** 		}
  60:FT_Esd_Framework/Ft_Esd_TouchArea__Generated.c **** 		Ft_Esd_TouchTag * context_2 = 0x0;
  61:FT_Esd_Framework/Ft_Esd_TouchArea__Generated.c **** 		ft_uint8_t left_2 = Ft_Esd_TouchTag_CurrentTag(context_2);
  62:FT_Esd_Framework/Ft_Esd_TouchArea__Generated.c **** 		ft_uint8_t right_2 = 0;
ARM GAS  /var/folders/n8/cvzdcwlj0vl4g_wtyz1ffy300000gn/T//ccmA0Ik5.s 			page 4


  63:FT_Esd_Framework/Ft_Esd_TouchArea__Generated.c **** 		int set_lasttouching = left_2 != right_2;
  64:FT_Esd_Framework/Ft_Esd_TouchArea__Generated.c **** 		context->LastTouching = set_lasttouching;
  65:FT_Esd_Framework/Ft_Esd_TouchArea__Generated.c **** 		ft_bool_t left_3 = context->LastTouching;
  66:FT_Esd_Framework/Ft_Esd_TouchArea__Generated.c **** 		ft_bool_t right_3 = Ft_Esd_TouchArea_Ft_Esd_TouchArea_IsInBounds__return(context);
  67:FT_Esd_Framework/Ft_Esd_TouchArea__Generated.c **** 		int set_if_touch_down_in_bounds = left_3 && right_3;
  68:FT_Esd_Framework/Ft_Esd_TouchArea__Generated.c **** 		context->Touching = set_if_touch_down_in_bounds;
  69:FT_Esd_Framework/Ft_Esd_TouchArea__Generated.c **** 		ft_bool_t if_3 = context->Touching;
  70:FT_Esd_Framework/Ft_Esd_TouchArea__Generated.c **** 		if (if_3)
  71:FT_Esd_Framework/Ft_Esd_TouchArea__Generated.c **** 		{
  72:FT_Esd_Framework/Ft_Esd_TouchArea__Generated.c **** 			context->Down(parent);
  73:FT_Esd_Framework/Ft_Esd_TouchArea__Generated.c **** 		}
  74:FT_Esd_Framework/Ft_Esd_TouchArea__Generated.c **** 		else
  75:FT_Esd_Framework/Ft_Esd_TouchArea__Generated.c **** 		{
  76:FT_Esd_Framework/Ft_Esd_TouchArea__Generated.c **** 		}
  77:FT_Esd_Framework/Ft_Esd_TouchArea__Generated.c **** 	}
  78:FT_Esd_Framework/Ft_Esd_TouchArea__Generated.c **** 	else
  79:FT_Esd_Framework/Ft_Esd_TouchArea__Generated.c **** 	{
  80:FT_Esd_Framework/Ft_Esd_TouchArea__Generated.c **** 	}
  81:FT_Esd_Framework/Ft_Esd_TouchArea__Generated.c **** }
  82:FT_Esd_Framework/Ft_Esd_TouchArea__Generated.c **** 
  83:FT_Esd_Framework/Ft_Esd_TouchArea__Generated.c **** ft_bool_t Ft_Esd_TouchArea_Ft_Esd_TouchArea_IsInBounds__return(Ft_Esd_TouchArea *context)
  84:FT_Esd_Framework/Ft_Esd_TouchArea__Generated.c **** {
 119              		.loc 1 84 0
 120              		.cfi_startproc
 121              		@ args = 0, pretend = 0, frame = 0
 122              		@ frame_needed = 0, uses_anonymous_args = 0
 123              	.LVL8:
 124 0000 08B5     		push	{r3, lr}
 125              	.LCFI0:
 126              		.cfi_def_cfa_offset 8
 127              		.cfi_offset 3, -8
 128              		.cfi_offset 14, -4
 129              	.LVL9:
  85:FT_Esd_Framework/Ft_Esd_TouchArea__Generated.c **** 	void *parent = context->Parent;
  86:FT_Esd_Framework/Ft_Esd_TouchArea__Generated.c **** 	return Ft_Esd_TouchArea_IsInBounds(context);
 130              		.loc 1 86 0
 131 0002 FFF7FEFF 		bl	Ft_Esd_TouchArea_IsInBounds
 132              	.LVL10:
  87:FT_Esd_Framework/Ft_Esd_TouchArea__Generated.c **** }
 133              		.loc 1 87 0
 134 0006 08BD     		pop	{r3, pc}
 135              		.cfi_endproc
 136              	.LFE9:
 138              		.section	.text.Ft_Esd_TouchArea__Initializer,"ax",%progbits
 139              		.align	1
 140              		.global	Ft_Esd_TouchArea__Initializer
 141              		.syntax unified
 142              		.thumb
 143              		.thumb_func
 144              		.fpu fpv5-sp-d16
 146              	Ft_Esd_TouchArea__Initializer:
 147              	.LFB7:
  20:FT_Esd_Framework/Ft_Esd_TouchArea__Generated.c **** 	context->Parent = 0;
 148              		.loc 1 20 0
 149              		.cfi_startproc
 150              		@ args = 0, pretend = 0, frame = 0
 151              		@ frame_needed = 0, uses_anonymous_args = 0
ARM GAS  /var/folders/n8/cvzdcwlj0vl4g_wtyz1ffy300000gn/T//ccmA0Ik5.s 			page 5


 152              		@ link register save eliminated.
 153              	.LVL11:
  21:FT_Esd_Framework/Ft_Esd_TouchArea__Generated.c **** 	context->Up = Ft_Esd_Noop;
 154              		.loc 1 21 0
 155 0000 0023     		movs	r3, #0
 156 0002 0360     		str	r3, [r0]
  22:FT_Esd_Framework/Ft_Esd_TouchArea__Generated.c **** 	context->LastTouching = 0;
 157              		.loc 1 22 0
 158 0004 064A     		ldr	r2, .L8
 159 0006 4260     		str	r2, [r0, #4]
  23:FT_Esd_Framework/Ft_Esd_TouchArea__Generated.c **** 	context->Down = Ft_Esd_Noop;
 160              		.loc 1 23 0
 161 0008 0372     		strb	r3, [r0, #8]
  24:FT_Esd_Framework/Ft_Esd_TouchArea__Generated.c **** 	context->Touching = 0;
 162              		.loc 1 24 0
 163 000a C260     		str	r2, [r0, #12]
  25:FT_Esd_Framework/Ft_Esd_TouchArea__Generated.c **** 	context->X = Ft_Esd_TouchArea_X__Default;
 164              		.loc 1 25 0
 165 000c 0374     		strb	r3, [r0, #16]
  26:FT_Esd_Framework/Ft_Esd_TouchArea__Generated.c **** 	context->Y = Ft_Esd_TouchArea_Y__Default;
 166              		.loc 1 26 0
 167 000e 054B     		ldr	r3, .L8+4
 168 0010 4361     		str	r3, [r0, #20]
  27:FT_Esd_Framework/Ft_Esd_TouchArea__Generated.c **** 	context->Width = Ft_Esd_TouchArea_Width__Default;
 169              		.loc 1 27 0
 170 0012 054B     		ldr	r3, .L8+8
 171 0014 8361     		str	r3, [r0, #24]
  28:FT_Esd_Framework/Ft_Esd_TouchArea__Generated.c **** 	context->Height = Ft_Esd_TouchArea_Height__Default;
 172              		.loc 1 28 0
 173 0016 054B     		ldr	r3, .L8+12
 174 0018 C361     		str	r3, [r0, #28]
  29:FT_Esd_Framework/Ft_Esd_TouchArea__Generated.c **** }
 175              		.loc 1 29 0
 176 001a 054B     		ldr	r3, .L8+16
 177 001c 0362     		str	r3, [r0, #32]
  30:FT_Esd_Framework/Ft_Esd_TouchArea__Generated.c **** 
 178              		.loc 1 30 0
 179 001e 7047     		bx	lr
 180              	.L9:
 181              		.align	2
 182              	.L8:
 183 0020 00000000 		.word	Ft_Esd_Noop
 184 0024 00000000 		.word	Ft_Esd_TouchArea_X__Default
 185 0028 00000000 		.word	Ft_Esd_TouchArea_Y__Default
 186 002c 00000000 		.word	Ft_Esd_TouchArea_Width__Default
 187 0030 00000000 		.word	Ft_Esd_TouchArea_Height__Default
 188              		.cfi_endproc
 189              	.LFE7:
 191              		.section	.text.Ft_Esd_TouchArea_Update,"ax",%progbits
 192              		.align	1
 193              		.global	Ft_Esd_TouchArea_Update
 194              		.syntax unified
 195              		.thumb
 196              		.thumb_func
 197              		.fpu fpv5-sp-d16
 199              	Ft_Esd_TouchArea_Update:
 200              	.LFB8:
ARM GAS  /var/folders/n8/cvzdcwlj0vl4g_wtyz1ffy300000gn/T//ccmA0Ik5.s 			page 6


  41:FT_Esd_Framework/Ft_Esd_TouchArea__Generated.c **** 	void *parent = context->Parent;
 201              		.loc 1 41 0
 202              		.cfi_startproc
 203              		@ args = 0, pretend = 0, frame = 0
 204              		@ frame_needed = 0, uses_anonymous_args = 0
 205              	.LVL12:
 206 0000 70B5     		push	{r4, r5, r6, lr}
 207              	.LCFI1:
 208              		.cfi_def_cfa_offset 16
 209              		.cfi_offset 4, -16
 210              		.cfi_offset 5, -12
 211              		.cfi_offset 6, -8
 212              		.cfi_offset 14, -4
 213 0002 0446     		mov	r4, r0
  42:FT_Esd_Framework/Ft_Esd_TouchArea__Generated.c **** 	Ft_Esd_TouchArea_Update_TouchTag(context);
 214              		.loc 1 42 0
 215 0004 0668     		ldr	r6, [r0]
 216              	.LVL13:
  43:FT_Esd_Framework/Ft_Esd_TouchArea__Generated.c **** 	Ft_Esd_TouchTag * context_1 = 0x0;
 217              		.loc 1 43 0
 218 0006 FFF7FEFF 		bl	Ft_Esd_TouchArea_Update_TouchTag
 219              	.LVL14:
  45:FT_Esd_Framework/Ft_Esd_TouchArea__Generated.c **** 	ft_uint8_t right = 0;
 220              		.loc 1 45 0
 221 000a 0020     		movs	r0, #0
 222 000c FFF7FEFF 		bl	Ft_Esd_TouchTag_CurrentTag
 223              	.LVL15:
  47:FT_Esd_Framework/Ft_Esd_TouchArea__Generated.c **** 	ft_bool_t right_1 = context->LastTouching;
 224              		.loc 1 47 0
 225 0010 0030     		adds	r0, r0, #0
 226              	.LVL16:
 227 0012 18BF     		it	ne
 228 0014 0120     		movne	r0, #1
 229              	.LVL17:
  48:FT_Esd_Framework/Ft_Esd_TouchArea__Generated.c **** 	int if_1 = left != right_1;
 230              		.loc 1 48 0
 231 0016 237A     		ldrb	r3, [r4, #8]	@ zero_extendqisi2
 232              	.LVL18:
  50:FT_Esd_Framework/Ft_Esd_TouchArea__Generated.c **** 	{
 233              		.loc 1 50 0
 234 0018 9842     		cmp	r0, r3
 235 001a 17D0     		beq	.L10
 236              	.LBB2:
  52:FT_Esd_Framework/Ft_Esd_TouchArea__Generated.c **** 		if (if_2)
 237              		.loc 1 52 0
 238 001c 237C     		ldrb	r3, [r4, #16]	@ zero_extendqisi2
 239              	.LVL19:
  53:FT_Esd_Framework/Ft_Esd_TouchArea__Generated.c **** 		{
 240              		.loc 1 53 0
 241 001e 13B1     		cbz	r3, .L12
  55:FT_Esd_Framework/Ft_Esd_TouchArea__Generated.c **** 		}
 242              		.loc 1 55 0
 243 0020 6368     		ldr	r3, [r4, #4]
 244              	.LVL20:
 245 0022 3046     		mov	r0, r6
 246              	.LVL21:
 247 0024 9847     		blx	r3
ARM GAS  /var/folders/n8/cvzdcwlj0vl4g_wtyz1ffy300000gn/T//ccmA0Ik5.s 			page 7


 248              	.LVL22:
 249              	.L12:
  61:FT_Esd_Framework/Ft_Esd_TouchArea__Generated.c **** 		ft_uint8_t right_2 = 0;
 250              		.loc 1 61 0
 251 0026 0020     		movs	r0, #0
 252 0028 FFF7FEFF 		bl	Ft_Esd_TouchTag_CurrentTag
 253              	.LVL23:
  63:FT_Esd_Framework/Ft_Esd_TouchArea__Generated.c **** 		context->LastTouching = set_lasttouching;
 254              		.loc 1 63 0
 255 002c 051C     		adds	r5, r0, #0
 256 002e 18BF     		it	ne
 257 0030 0125     		movne	r5, #1
 258              	.LVL24:
  64:FT_Esd_Framework/Ft_Esd_TouchArea__Generated.c **** 		ft_bool_t left_3 = context->LastTouching;
 259              		.loc 1 64 0
 260 0032 2572     		strb	r5, [r4, #8]
 261              	.LVL25:
  66:FT_Esd_Framework/Ft_Esd_TouchArea__Generated.c **** 		int set_if_touch_down_in_bounds = left_3 && right_3;
 262              		.loc 1 66 0
 263 0034 2046     		mov	r0, r4
 264              	.LVL26:
 265 0036 FFF7FEFF 		bl	Ft_Esd_TouchArea_Ft_Esd_TouchArea_IsInBounds__return
 266              	.LVL27:
  67:FT_Esd_Framework/Ft_Esd_TouchArea__Generated.c **** 		context->Touching = set_if_touch_down_in_bounds;
 267              		.loc 1 67 0
 268 003a 0028     		cmp	r0, #0
 269 003c 14BF     		ite	ne
 270 003e 2846     		movne	r0, r5
 271 0040 0020     		moveq	r0, #0
 272              	.LVL28:
  68:FT_Esd_Framework/Ft_Esd_TouchArea__Generated.c **** 		ft_bool_t if_3 = context->Touching;
 273              		.loc 1 68 0
 274 0042 2074     		strb	r0, [r4, #16]
 275              	.LVL29:
  70:FT_Esd_Framework/Ft_Esd_TouchArea__Generated.c **** 		{
 276              		.loc 1 70 0
 277 0044 10B1     		cbz	r0, .L10
  72:FT_Esd_Framework/Ft_Esd_TouchArea__Generated.c **** 		}
 278              		.loc 1 72 0
 279 0046 E368     		ldr	r3, [r4, #12]
 280 0048 3046     		mov	r0, r6
 281              	.LVL30:
 282 004a 9847     		blx	r3
 283              	.LVL31:
 284              	.L10:
 285              	.LBE2:
  81:FT_Esd_Framework/Ft_Esd_TouchArea__Generated.c **** 
 286              		.loc 1 81 0
 287 004c 70BD     		pop	{r4, r5, r6, pc}
 288              		.cfi_endproc
 289              	.LFE8:
 291              		.section	.text.Ft_Esd_TouchArea_Inside,"ax",%progbits
 292              		.align	1
 293              		.global	Ft_Esd_TouchArea_Inside
 294              		.syntax unified
 295              		.thumb
 296              		.thumb_func
ARM GAS  /var/folders/n8/cvzdcwlj0vl4g_wtyz1ffy300000gn/T//ccmA0Ik5.s 			page 8


 297              		.fpu fpv5-sp-d16
 299              	Ft_Esd_TouchArea_Inside:
 300              	.LFB10:
  88:FT_Esd_Framework/Ft_Esd_TouchArea__Generated.c **** 
  89:FT_Esd_Framework/Ft_Esd_TouchArea__Generated.c **** ft_bool_t Ft_Esd_TouchArea_Inside(Ft_Esd_TouchArea *context)
  90:FT_Esd_Framework/Ft_Esd_TouchArea__Generated.c **** {
 301              		.loc 1 90 0
 302              		.cfi_startproc
 303              		@ args = 0, pretend = 0, frame = 0
 304              		@ frame_needed = 0, uses_anonymous_args = 0
 305              	.LVL32:
 306 0000 10B5     		push	{r4, lr}
 307              	.LCFI2:
 308              		.cfi_def_cfa_offset 8
 309              		.cfi_offset 4, -8
 310              		.cfi_offset 14, -4
 311              	.LVL33:
  91:FT_Esd_Framework/Ft_Esd_TouchArea__Generated.c **** 	void *parent = context->Parent;
  92:FT_Esd_Framework/Ft_Esd_TouchArea__Generated.c **** 	ft_bool_t left_4 = context->Touching;
 312              		.loc 1 92 0
 313 0002 047C     		ldrb	r4, [r0, #16]	@ zero_extendqisi2
 314              	.LVL34:
  93:FT_Esd_Framework/Ft_Esd_TouchArea__Generated.c **** 	ft_bool_t right_4 = Ft_Esd_TouchArea_Ft_Esd_TouchArea_IsInBounds__return(context);
 315              		.loc 1 93 0
 316 0004 FFF7FEFF 		bl	Ft_Esd_TouchArea_Ft_Esd_TouchArea_IsInBounds__return
 317              	.LVL35:
  94:FT_Esd_Framework/Ft_Esd_TouchArea__Generated.c **** 	return left_4 && right_4;
 318              		.loc 1 94 0
 319 0008 0030     		adds	r0, r0, #0
 320              	.LVL36:
 321 000a 18BF     		it	ne
 322 000c 0120     		movne	r0, #1
  95:FT_Esd_Framework/Ft_Esd_TouchArea__Generated.c **** }
 323              		.loc 1 95 0
 324 000e 002C     		cmp	r4, #0
 325 0010 08BF     		it	eq
 326 0012 0020     		moveq	r0, #0
 327 0014 10BD     		pop	{r4, pc}
 328              		.cfi_endproc
 329              	.LFE10:
 331              		.section	.text.Ft_Esd_TouchArea_Hover,"ax",%progbits
 332              		.align	1
 333              		.global	Ft_Esd_TouchArea_Hover
 334              		.syntax unified
 335              		.thumb
 336              		.thumb_func
 337              		.fpu fpv5-sp-d16
 339              	Ft_Esd_TouchArea_Hover:
 340              	.LFB11:
  96:FT_Esd_Framework/Ft_Esd_TouchArea__Generated.c **** 
  97:FT_Esd_Framework/Ft_Esd_TouchArea__Generated.c **** ft_bool_t Ft_Esd_TouchArea_Hover(Ft_Esd_TouchArea *context)
  98:FT_Esd_Framework/Ft_Esd_TouchArea__Generated.c **** {
 341              		.loc 1 98 0
 342              		.cfi_startproc
 343              		@ args = 0, pretend = 0, frame = 0
 344              		@ frame_needed = 0, uses_anonymous_args = 0
 345              	.LVL37:
ARM GAS  /var/folders/n8/cvzdcwlj0vl4g_wtyz1ffy300000gn/T//ccmA0Ik5.s 			page 9


 346 0000 08B5     		push	{r3, lr}
 347              	.LCFI3:
 348              		.cfi_def_cfa_offset 8
 349              		.cfi_offset 3, -8
 350              		.cfi_offset 14, -4
 351              	.LVL38:
  99:FT_Esd_Framework/Ft_Esd_TouchArea__Generated.c **** 	void *parent = context->Parent;
 100:FT_Esd_Framework/Ft_Esd_TouchArea__Generated.c **** 	return Ft_Esd_TouchArea_Ft_Esd_TouchArea_IsInBounds__return(context);
 352              		.loc 1 100 0
 353 0002 FFF7FEFF 		bl	Ft_Esd_TouchArea_Ft_Esd_TouchArea_IsInBounds__return
 354              	.LVL39:
 101:FT_Esd_Framework/Ft_Esd_TouchArea__Generated.c **** }
 355              		.loc 1 101 0
 356 0006 08BD     		pop	{r3, pc}
 357              		.cfi_endproc
 358              	.LFE11:
 360              		.section	.text.Ft_Esd_TouchArea_TouchX,"ax",%progbits
 361              		.align	1
 362              		.global	Ft_Esd_TouchArea_TouchX
 363              		.syntax unified
 364              		.thumb
 365              		.thumb_func
 366              		.fpu fpv5-sp-d16
 368              	Ft_Esd_TouchArea_TouchX:
 369              	.LFB12:
 102:FT_Esd_Framework/Ft_Esd_TouchArea__Generated.c **** 
 103:FT_Esd_Framework/Ft_Esd_TouchArea__Generated.c **** ft_int16_t Ft_Esd_TouchArea_TouchX(Ft_Esd_TouchArea *context)
 104:FT_Esd_Framework/Ft_Esd_TouchArea__Generated.c **** {
 370              		.loc 1 104 0
 371              		.cfi_startproc
 372              		@ args = 0, pretend = 0, frame = 0
 373              		@ frame_needed = 0, uses_anonymous_args = 0
 374              	.LVL40:
 375 0000 08B5     		push	{r3, lr}
 376              	.LCFI4:
 377              		.cfi_def_cfa_offset 8
 378              		.cfi_offset 3, -8
 379              		.cfi_offset 14, -4
 380              	.LVL41:
 105:FT_Esd_Framework/Ft_Esd_TouchArea__Generated.c **** 	void *parent = context->Parent;
 106:FT_Esd_Framework/Ft_Esd_TouchArea__Generated.c **** 	Ft_Esd_TouchTag * context_3 = 0x0;
 107:FT_Esd_Framework/Ft_Esd_TouchArea__Generated.c **** 	return Ft_Esd_TouchTag_TouchX(context_3);
 381              		.loc 1 107 0
 382 0002 0020     		movs	r0, #0
 383              	.LVL42:
 384 0004 FFF7FEFF 		bl	Ft_Esd_TouchTag_TouchX
 385              	.LVL43:
 108:FT_Esd_Framework/Ft_Esd_TouchArea__Generated.c **** }
 386              		.loc 1 108 0
 387 0008 08BD     		pop	{r3, pc}
 388              		.cfi_endproc
 389              	.LFE12:
 391              		.section	.text.Ft_Esd_TouchArea_TouchY,"ax",%progbits
 392              		.align	1
 393              		.global	Ft_Esd_TouchArea_TouchY
 394              		.syntax unified
 395              		.thumb
ARM GAS  /var/folders/n8/cvzdcwlj0vl4g_wtyz1ffy300000gn/T//ccmA0Ik5.s 			page 10


 396              		.thumb_func
 397              		.fpu fpv5-sp-d16
 399              	Ft_Esd_TouchArea_TouchY:
 400              	.LFB13:
 109:FT_Esd_Framework/Ft_Esd_TouchArea__Generated.c **** 
 110:FT_Esd_Framework/Ft_Esd_TouchArea__Generated.c **** ft_int16_t Ft_Esd_TouchArea_TouchY(Ft_Esd_TouchArea *context)
 111:FT_Esd_Framework/Ft_Esd_TouchArea__Generated.c **** {
 401              		.loc 1 111 0
 402              		.cfi_startproc
 403              		@ args = 0, pretend = 0, frame = 0
 404              		@ frame_needed = 0, uses_anonymous_args = 0
 405              	.LVL44:
 406 0000 08B5     		push	{r3, lr}
 407              	.LCFI5:
 408              		.cfi_def_cfa_offset 8
 409              		.cfi_offset 3, -8
 410              		.cfi_offset 14, -4
 411              	.LVL45:
 112:FT_Esd_Framework/Ft_Esd_TouchArea__Generated.c **** 	void *parent = context->Parent;
 113:FT_Esd_Framework/Ft_Esd_TouchArea__Generated.c **** 	Ft_Esd_TouchTag * context_4 = 0x0;
 114:FT_Esd_Framework/Ft_Esd_TouchArea__Generated.c **** 	return Ft_Esd_TouchTag_TouchY(context_4);
 412              		.loc 1 114 0
 413 0002 0020     		movs	r0, #0
 414              	.LVL46:
 415 0004 FFF7FEFF 		bl	Ft_Esd_TouchTag_TouchY
 416              	.LVL47:
 115:FT_Esd_Framework/Ft_Esd_TouchArea__Generated.c **** }
 417              		.loc 1 115 0
 418 0008 08BD     		pop	{r3, pc}
 419              		.cfi_endproc
 420              	.LFE13:
 422              		.text
 423              	.Letext0:
 424              		.file 2 "FT_Eve_Hal/FT_DataTypes.h"
 425              		.file 3 "/usr/local/Cellar/arm-none-eabi-gcc/20180627/arm-none-eabi/include/sys/lock.h"
 426              		.file 4 "/usr/local/Cellar/arm-none-eabi-gcc/20180627/arm-none-eabi/include/sys/_types.h"
 427              		.file 5 "/usr/local/Cellar/arm-none-eabi-gcc/20180627/lib/gcc/arm-none-eabi/7.3.1/include/stddef.h
 428              		.file 6 "/usr/local/Cellar/arm-none-eabi-gcc/20180627/arm-none-eabi/include/sys/unistd.h"
 429              		.file 7 "/usr/local/Cellar/arm-none-eabi-gcc/20180627/arm-none-eabi/include/sys/reent.h"
 430              		.file 8 "/usr/local/Cellar/arm-none-eabi-gcc/20180627/arm-none-eabi/include/stdlib.h"
 431              		.file 9 "FT_Esd_Framework/Ft_Esd_TouchArea.h"
 432              		.file 10 "FT_Esd_Framework/Ft_Esd_TouchTag.h"
ARM GAS  /var/folders/n8/cvzdcwlj0vl4g_wtyz1ffy300000gn/T//ccmA0Ik5.s 			page 11


DEFINED SYMBOLS
                            *ABS*:0000000000000000 Ft_Esd_TouchArea__Generated.c
/var/folders/n8/cvzdcwlj0vl4g_wtyz1ffy300000gn/T//ccmA0Ik5.s:18     .text.Ft_Esd_TouchArea_X__Default:0000000000000000 $t
/var/folders/n8/cvzdcwlj0vl4g_wtyz1ffy300000gn/T//ccmA0Ik5.s:25     .text.Ft_Esd_TouchArea_X__Default:0000000000000000 Ft_Esd_TouchArea_X__Default
/var/folders/n8/cvzdcwlj0vl4g_wtyz1ffy300000gn/T//ccmA0Ik5.s:42     .text.Ft_Esd_TouchArea_Y__Default:0000000000000000 $t
/var/folders/n8/cvzdcwlj0vl4g_wtyz1ffy300000gn/T//ccmA0Ik5.s:49     .text.Ft_Esd_TouchArea_Y__Default:0000000000000000 Ft_Esd_TouchArea_Y__Default
/var/folders/n8/cvzdcwlj0vl4g_wtyz1ffy300000gn/T//ccmA0Ik5.s:65     .text.Ft_Esd_TouchArea_Width__Default:0000000000000000 $t
/var/folders/n8/cvzdcwlj0vl4g_wtyz1ffy300000gn/T//ccmA0Ik5.s:72     .text.Ft_Esd_TouchArea_Width__Default:0000000000000000 Ft_Esd_TouchArea_Width__Default
/var/folders/n8/cvzdcwlj0vl4g_wtyz1ffy300000gn/T//ccmA0Ik5.s:88     .text.Ft_Esd_TouchArea_Height__Default:0000000000000000 $t
/var/folders/n8/cvzdcwlj0vl4g_wtyz1ffy300000gn/T//ccmA0Ik5.s:95     .text.Ft_Esd_TouchArea_Height__Default:0000000000000000 Ft_Esd_TouchArea_Height__Default
/var/folders/n8/cvzdcwlj0vl4g_wtyz1ffy300000gn/T//ccmA0Ik5.s:111    .text.Ft_Esd_TouchArea_Ft_Esd_TouchArea_IsInBounds__return:0000000000000000 $t
/var/folders/n8/cvzdcwlj0vl4g_wtyz1ffy300000gn/T//ccmA0Ik5.s:117    .text.Ft_Esd_TouchArea_Ft_Esd_TouchArea_IsInBounds__return:0000000000000000 Ft_Esd_TouchArea_Ft_Esd_TouchArea_IsInBounds__return
/var/folders/n8/cvzdcwlj0vl4g_wtyz1ffy300000gn/T//ccmA0Ik5.s:139    .text.Ft_Esd_TouchArea__Initializer:0000000000000000 $t
/var/folders/n8/cvzdcwlj0vl4g_wtyz1ffy300000gn/T//ccmA0Ik5.s:146    .text.Ft_Esd_TouchArea__Initializer:0000000000000000 Ft_Esd_TouchArea__Initializer
/var/folders/n8/cvzdcwlj0vl4g_wtyz1ffy300000gn/T//ccmA0Ik5.s:183    .text.Ft_Esd_TouchArea__Initializer:0000000000000020 $d
/var/folders/n8/cvzdcwlj0vl4g_wtyz1ffy300000gn/T//ccmA0Ik5.s:192    .text.Ft_Esd_TouchArea_Update:0000000000000000 $t
/var/folders/n8/cvzdcwlj0vl4g_wtyz1ffy300000gn/T//ccmA0Ik5.s:199    .text.Ft_Esd_TouchArea_Update:0000000000000000 Ft_Esd_TouchArea_Update
/var/folders/n8/cvzdcwlj0vl4g_wtyz1ffy300000gn/T//ccmA0Ik5.s:292    .text.Ft_Esd_TouchArea_Inside:0000000000000000 $t
/var/folders/n8/cvzdcwlj0vl4g_wtyz1ffy300000gn/T//ccmA0Ik5.s:299    .text.Ft_Esd_TouchArea_Inside:0000000000000000 Ft_Esd_TouchArea_Inside
/var/folders/n8/cvzdcwlj0vl4g_wtyz1ffy300000gn/T//ccmA0Ik5.s:332    .text.Ft_Esd_TouchArea_Hover:0000000000000000 $t
/var/folders/n8/cvzdcwlj0vl4g_wtyz1ffy300000gn/T//ccmA0Ik5.s:339    .text.Ft_Esd_TouchArea_Hover:0000000000000000 Ft_Esd_TouchArea_Hover
/var/folders/n8/cvzdcwlj0vl4g_wtyz1ffy300000gn/T//ccmA0Ik5.s:361    .text.Ft_Esd_TouchArea_TouchX:0000000000000000 $t
/var/folders/n8/cvzdcwlj0vl4g_wtyz1ffy300000gn/T//ccmA0Ik5.s:368    .text.Ft_Esd_TouchArea_TouchX:0000000000000000 Ft_Esd_TouchArea_TouchX
/var/folders/n8/cvzdcwlj0vl4g_wtyz1ffy300000gn/T//ccmA0Ik5.s:392    .text.Ft_Esd_TouchArea_TouchY:0000000000000000 $t
/var/folders/n8/cvzdcwlj0vl4g_wtyz1ffy300000gn/T//ccmA0Ik5.s:399    .text.Ft_Esd_TouchArea_TouchY:0000000000000000 Ft_Esd_TouchArea_TouchY

UNDEFINED SYMBOLS
Ft_Esd_TouchArea_IsInBounds
Ft_Esd_Noop
Ft_Esd_TouchArea_Update_TouchTag
Ft_Esd_TouchTag_CurrentTag
Ft_Esd_TouchTag_TouchX
Ft_Esd_TouchTag_TouchY
