ARM GAS  /var/folders/n8/cvzdcwlj0vl4g_wtyz1ffy300000gn/T//ccBKOWbu.s 			page 1


   1              		.cpu cortex-m7
   2              		.eabi_attribute 27, 1
   3              		.eabi_attribute 28, 1
   4              		.eabi_attribute 20, 1
   5              		.eabi_attribute 21, 1
   6              		.eabi_attribute 23, 3
   7              		.eabi_attribute 24, 1
   8              		.eabi_attribute 25, 1
   9              		.eabi_attribute 26, 1
  10              		.eabi_attribute 30, 1
  11              		.eabi_attribute 34, 1
  12              		.eabi_attribute 18, 4
  13              		.file	"Ft_Esd_IntCounter__Generated.c"
  14              		.text
  15              	.Ltext0:
  16              		.cfi_sections	.debug_frame
  17              		.section	.text.Ft_Esd_IntCounter__Initializer,"ax",%progbits
  18              		.align	1
  19              		.global	Ft_Esd_IntCounter__Initializer
  20              		.syntax unified
  21              		.thumb
  22              		.thumb_func
  23              		.fpu fpv5-sp-d16
  25              	Ft_Esd_IntCounter__Initializer:
  26              	.LFB3:
  27              		.file 1 "FT_Esd_Widgets/Ft_Esd_IntCounter__Generated.c"
   1:FT_Esd_Widgets/Ft_Esd_IntCounter__Generated.c **** /*
   2:FT_Esd_Widgets/Ft_Esd_IntCounter__Generated.c **** This file is automatically generated
   3:FT_Esd_Widgets/Ft_Esd_IntCounter__Generated.c **** Ft_Esd_IntCounter
   4:FT_Esd_Widgets/Ft_Esd_IntCounter__Generated.c **** C Source
   5:FT_Esd_Widgets/Ft_Esd_IntCounter__Generated.c **** */
   6:FT_Esd_Widgets/Ft_Esd_IntCounter__Generated.c **** 
   7:FT_Esd_Widgets/Ft_Esd_IntCounter__Generated.c **** #include "Ft_Esd_IntCounter.h"
   8:FT_Esd_Widgets/Ft_Esd_IntCounter__Generated.c **** 
   9:FT_Esd_Widgets/Ft_Esd_IntCounter__Generated.c **** extern void Ft_Esd_Noop(void *context);
  10:FT_Esd_Widgets/Ft_Esd_IntCounter__Generated.c **** 
  11:FT_Esd_Widgets/Ft_Esd_IntCounter__Generated.c **** 
  12:FT_Esd_Widgets/Ft_Esd_IntCounter__Generated.c **** 
  13:FT_Esd_Widgets/Ft_Esd_IntCounter__Generated.c **** void Ft_Esd_IntCounter__Initializer(Ft_Esd_IntCounter *context)
  14:FT_Esd_Widgets/Ft_Esd_IntCounter__Generated.c **** {
  28              		.loc 1 14 0
  29              		.cfi_startproc
  30              		@ args = 0, pretend = 0, frame = 0
  31              		@ frame_needed = 0, uses_anonymous_args = 0
  32              		@ link register save eliminated.
  33              	.LVL0:
  15:FT_Esd_Widgets/Ft_Esd_IntCounter__Generated.c **** 	context->Parent = 0;
  34              		.loc 1 15 0
  35 0000 0023     		movs	r3, #0
  36 0002 0360     		str	r3, [r0]
  16:FT_Esd_Widgets/Ft_Esd_IntCounter__Generated.c **** 	context->Value = 0L;
  37              		.loc 1 16 0
  38 0004 4360     		str	r3, [r0, #4]
  17:FT_Esd_Widgets/Ft_Esd_IntCounter__Generated.c **** 	context->Step = 1L;
  39              		.loc 1 17 0
  40 0006 0123     		movs	r3, #1
  41 0008 8360     		str	r3, [r0, #8]
ARM GAS  /var/folders/n8/cvzdcwlj0vl4g_wtyz1ffy300000gn/T//ccBKOWbu.s 			page 2


  18:FT_Esd_Widgets/Ft_Esd_IntCounter__Generated.c **** }
  42              		.loc 1 18 0
  43 000a 7047     		bx	lr
  44              		.cfi_endproc
  45              	.LFE3:
  47              		.section	.text.Ft_Esd_IntCounter_Inc,"ax",%progbits
  48              		.align	1
  49              		.global	Ft_Esd_IntCounter_Inc
  50              		.syntax unified
  51              		.thumb
  52              		.thumb_func
  53              		.fpu fpv5-sp-d16
  55              	Ft_Esd_IntCounter_Inc:
  56              	.LFB4:
  19:FT_Esd_Widgets/Ft_Esd_IntCounter__Generated.c **** 
  20:FT_Esd_Widgets/Ft_Esd_IntCounter__Generated.c **** void Ft_Esd_IntCounter_Inc(Ft_Esd_IntCounter *context)
  21:FT_Esd_Widgets/Ft_Esd_IntCounter__Generated.c **** {
  57              		.loc 1 21 0
  58              		.cfi_startproc
  59              		@ args = 0, pretend = 0, frame = 0
  60              		@ frame_needed = 0, uses_anonymous_args = 0
  61              		@ link register save eliminated.
  62              	.LVL1:
  22:FT_Esd_Widgets/Ft_Esd_IntCounter__Generated.c **** 	void *parent = context->Parent;
  23:FT_Esd_Widgets/Ft_Esd_IntCounter__Generated.c **** 	int left = context->Value;
  63              		.loc 1 23 0
  64 0000 4368     		ldr	r3, [r0, #4]
  65              	.LVL2:
  24:FT_Esd_Widgets/Ft_Esd_IntCounter__Generated.c **** 	int right = context->Step;
  66              		.loc 1 24 0
  67 0002 8268     		ldr	r2, [r0, #8]
  68              	.LVL3:
  25:FT_Esd_Widgets/Ft_Esd_IntCounter__Generated.c **** 	int set_variable = left + right;
  69              		.loc 1 25 0
  70 0004 1344     		add	r3, r3, r2
  71              	.LVL4:
  26:FT_Esd_Widgets/Ft_Esd_IntCounter__Generated.c **** 	context->Value = set_variable;
  72              		.loc 1 26 0
  73 0006 4360     		str	r3, [r0, #4]
  74              	.LVL5:
  27:FT_Esd_Widgets/Ft_Esd_IntCounter__Generated.c **** }
  75              		.loc 1 27 0
  76 0008 7047     		bx	lr
  77              		.cfi_endproc
  78              	.LFE4:
  80              		.section	.text.Ft_Esd_IntCounter_Dec,"ax",%progbits
  81              		.align	1
  82              		.global	Ft_Esd_IntCounter_Dec
  83              		.syntax unified
  84              		.thumb
  85              		.thumb_func
  86              		.fpu fpv5-sp-d16
  88              	Ft_Esd_IntCounter_Dec:
  89              	.LFB5:
  28:FT_Esd_Widgets/Ft_Esd_IntCounter__Generated.c **** 
  29:FT_Esd_Widgets/Ft_Esd_IntCounter__Generated.c **** void Ft_Esd_IntCounter_Dec(Ft_Esd_IntCounter *context)
  30:FT_Esd_Widgets/Ft_Esd_IntCounter__Generated.c **** {
ARM GAS  /var/folders/n8/cvzdcwlj0vl4g_wtyz1ffy300000gn/T//ccBKOWbu.s 			page 3


  90              		.loc 1 30 0
  91              		.cfi_startproc
  92              		@ args = 0, pretend = 0, frame = 0
  93              		@ frame_needed = 0, uses_anonymous_args = 0
  94              		@ link register save eliminated.
  95              	.LVL6:
  31:FT_Esd_Widgets/Ft_Esd_IntCounter__Generated.c **** 	void *parent = context->Parent;
  32:FT_Esd_Widgets/Ft_Esd_IntCounter__Generated.c **** 	int left_1 = context->Value;
  96              		.loc 1 32 0
  97 0000 4368     		ldr	r3, [r0, #4]
  98              	.LVL7:
  33:FT_Esd_Widgets/Ft_Esd_IntCounter__Generated.c **** 	int right_1 = context->Step;
  99              		.loc 1 33 0
 100 0002 8268     		ldr	r2, [r0, #8]
 101              	.LVL8:
  34:FT_Esd_Widgets/Ft_Esd_IntCounter__Generated.c **** 	int set_variable_1 = left_1 - right_1;
 102              		.loc 1 34 0
 103 0004 9B1A     		subs	r3, r3, r2
 104              	.LVL9:
  35:FT_Esd_Widgets/Ft_Esd_IntCounter__Generated.c **** 	context->Value = set_variable_1;
 105              		.loc 1 35 0
 106 0006 4360     		str	r3, [r0, #4]
 107              	.LVL10:
  36:FT_Esd_Widgets/Ft_Esd_IntCounter__Generated.c **** }
 108              		.loc 1 36 0
 109 0008 7047     		bx	lr
 110              		.cfi_endproc
 111              	.LFE5:
 113              		.text
 114              	.Letext0:
 115              		.file 2 "/usr/local/Cellar/arm-none-eabi-gcc/20180627/arm-none-eabi/include/sys/lock.h"
 116              		.file 3 "/usr/local/Cellar/arm-none-eabi-gcc/20180627/arm-none-eabi/include/sys/_types.h"
 117              		.file 4 "/usr/local/Cellar/arm-none-eabi-gcc/20180627/lib/gcc/arm-none-eabi/7.3.1/include/stddef.h
 118              		.file 5 "/usr/local/Cellar/arm-none-eabi-gcc/20180627/arm-none-eabi/include/sys/unistd.h"
 119              		.file 6 "/usr/local/Cellar/arm-none-eabi-gcc/20180627/arm-none-eabi/include/sys/reent.h"
 120              		.file 7 "/usr/local/Cellar/arm-none-eabi-gcc/20180627/arm-none-eabi/include/stdlib.h"
 121              		.file 8 "FT_Esd_Widgets/Ft_Esd_IntCounter.h"
ARM GAS  /var/folders/n8/cvzdcwlj0vl4g_wtyz1ffy300000gn/T//ccBKOWbu.s 			page 4


DEFINED SYMBOLS
                            *ABS*:0000000000000000 Ft_Esd_IntCounter__Generated.c
/var/folders/n8/cvzdcwlj0vl4g_wtyz1ffy300000gn/T//ccBKOWbu.s:18     .text.Ft_Esd_IntCounter__Initializer:0000000000000000 $t
/var/folders/n8/cvzdcwlj0vl4g_wtyz1ffy300000gn/T//ccBKOWbu.s:25     .text.Ft_Esd_IntCounter__Initializer:0000000000000000 Ft_Esd_IntCounter__Initializer
/var/folders/n8/cvzdcwlj0vl4g_wtyz1ffy300000gn/T//ccBKOWbu.s:48     .text.Ft_Esd_IntCounter_Inc:0000000000000000 $t
/var/folders/n8/cvzdcwlj0vl4g_wtyz1ffy300000gn/T//ccBKOWbu.s:55     .text.Ft_Esd_IntCounter_Inc:0000000000000000 Ft_Esd_IntCounter_Inc
/var/folders/n8/cvzdcwlj0vl4g_wtyz1ffy300000gn/T//ccBKOWbu.s:81     .text.Ft_Esd_IntCounter_Dec:0000000000000000 $t
/var/folders/n8/cvzdcwlj0vl4g_wtyz1ffy300000gn/T//ccBKOWbu.s:88     .text.Ft_Esd_IntCounter_Dec:0000000000000000 Ft_Esd_IntCounter_Dec

NO UNDEFINED SYMBOLS
