ARM GAS  /var/folders/n8/cvzdcwlj0vl4g_wtyz1ffy300000gn/T//ccEEH8Oq.s 			page 1


   1              		.cpu cortex-m7
   2              		.eabi_attribute 27, 1
   3              		.eabi_attribute 28, 1
   4              		.eabi_attribute 20, 1
   5              		.eabi_attribute 21, 1
   6              		.eabi_attribute 23, 3
   7              		.eabi_attribute 24, 1
   8              		.eabi_attribute 25, 1
   9              		.eabi_attribute 26, 1
  10              		.eabi_attribute 30, 1
  11              		.eabi_attribute 34, 1
  12              		.eabi_attribute 18, 4
  13              		.file	"Ft_Esd_RadioGroup.c"
  14              		.text
  15              	.Ltext0:
  16              		.cfi_sections	.debug_frame
  17              		.section	.text.Ft_Esd_RadioGroup_Reset_Signal,"ax",%progbits
  18              		.align	1
  19              		.global	Ft_Esd_RadioGroup_Reset_Signal
  20              		.syntax unified
  21              		.thumb
  22              		.thumb_func
  23              		.fpu fpv5-sp-d16
  25              	Ft_Esd_RadioGroup_Reset_Signal:
  26              	.LFB3:
  27              		.file 1 "FT_Esd_Widgets/Ft_Esd_RadioGroup.c"
   1:FT_Esd_Widgets/Ft_Esd_RadioGroup.c **** #include "Ft_Esd.h"
   2:FT_Esd_Widgets/Ft_Esd_RadioGroup.c **** #include "Ft_Esd_RadioGroup.h"
   3:FT_Esd_Widgets/Ft_Esd_RadioGroup.c **** 
   4:FT_Esd_Widgets/Ft_Esd_RadioGroup.c **** ESD_TYPE(Ft_Esd_RadioGroup *, Native = Pointer, Edit = None)
   5:FT_Esd_Widgets/Ft_Esd_RadioGroup.c **** ESD_TYPE(Ft_Esd_RadioButton *, Native = Pointer, Edit = None)
   6:FT_Esd_Widgets/Ft_Esd_RadioGroup.c **** 
   7:FT_Esd_Widgets/Ft_Esd_RadioGroup.c **** ESD_METHOD(Ft_Esd_RadioGroup_Reset_Signal, Context = Ft_Esd_RadioGroup)
   8:FT_Esd_Widgets/Ft_Esd_RadioGroup.c **** void Ft_Esd_RadioGroup_Reset_Signal(Ft_Esd_RadioGroup *context)
   9:FT_Esd_Widgets/Ft_Esd_RadioGroup.c **** {
  28              		.loc 1 9 0
  29              		.cfi_startproc
  30              		@ args = 0, pretend = 0, frame = 0
  31              		@ frame_needed = 0, uses_anonymous_args = 0
  32              		@ link register save eliminated.
  33              	.LVL0:
  10:FT_Esd_Widgets/Ft_Esd_RadioGroup.c **** 	context->Checked = 0;
  34              		.loc 1 10 0
  35 0000 0023     		movs	r3, #0
  36 0002 4360     		str	r3, [r0, #4]
  11:FT_Esd_Widgets/Ft_Esd_RadioGroup.c **** }
  37              		.loc 1 11 0
  38 0004 7047     		bx	lr
  39              		.cfi_endproc
  40              	.LFE3:
  42              		.section	.text.Ft_Esd_RadioGroup_GetPointer,"ax",%progbits
  43              		.align	1
  44              		.global	Ft_Esd_RadioGroup_GetPointer
  45              		.syntax unified
  46              		.thumb
  47              		.thumb_func
  48              		.fpu fpv5-sp-d16
ARM GAS  /var/folders/n8/cvzdcwlj0vl4g_wtyz1ffy300000gn/T//ccEEH8Oq.s 			page 2


  50              	Ft_Esd_RadioGroup_GetPointer:
  51              	.LFB4:
  12:FT_Esd_Widgets/Ft_Esd_RadioGroup.c **** 
  13:FT_Esd_Widgets/Ft_Esd_RadioGroup.c **** ESD_METHOD(Ft_Esd_RadioGroup_GetPointer, Context = Ft_Esd_RadioGroup, Type = Ft_Esd_RadioGroup *)
  14:FT_Esd_Widgets/Ft_Esd_RadioGroup.c **** Ft_Esd_RadioGroup *Ft_Esd_RadioGroup_GetPointer(Ft_Esd_RadioGroup *context)
  15:FT_Esd_Widgets/Ft_Esd_RadioGroup.c **** {
  52              		.loc 1 15 0
  53              		.cfi_startproc
  54              		@ args = 0, pretend = 0, frame = 0
  55              		@ frame_needed = 0, uses_anonymous_args = 0
  56              		@ link register save eliminated.
  57              	.LVL1:
  16:FT_Esd_Widgets/Ft_Esd_RadioGroup.c **** 	return context;
  17:FT_Esd_Widgets/Ft_Esd_RadioGroup.c **** }
  58              		.loc 1 17 0
  59 0000 7047     		bx	lr
  60              		.cfi_endproc
  61              	.LFE4:
  63              		.text
  64              	.Letext0:
  65              		.file 2 "/usr/local/Cellar/arm-none-eabi-gcc/20180627/arm-none-eabi/include/sys/lock.h"
  66              		.file 3 "/usr/local/Cellar/arm-none-eabi-gcc/20180627/arm-none-eabi/include/sys/_types.h"
  67              		.file 4 "/usr/local/Cellar/arm-none-eabi-gcc/20180627/lib/gcc/arm-none-eabi/7.3.1/include/stddef.h
  68              		.file 5 "/usr/local/Cellar/arm-none-eabi-gcc/20180627/arm-none-eabi/include/sys/unistd.h"
  69              		.file 6 "/usr/local/Cellar/arm-none-eabi-gcc/20180627/arm-none-eabi/include/sys/reent.h"
  70              		.file 7 "/usr/local/Cellar/arm-none-eabi-gcc/20180627/arm-none-eabi/include/stdlib.h"
  71              		.file 8 "FT_Esd_Widgets/Ft_Esd_RadioGroup.h"
ARM GAS  /var/folders/n8/cvzdcwlj0vl4g_wtyz1ffy300000gn/T//ccEEH8Oq.s 			page 3


DEFINED SYMBOLS
                            *ABS*:0000000000000000 Ft_Esd_RadioGroup.c
/var/folders/n8/cvzdcwlj0vl4g_wtyz1ffy300000gn/T//ccEEH8Oq.s:18     .text.Ft_Esd_RadioGroup_Reset_Signal:0000000000000000 $t
/var/folders/n8/cvzdcwlj0vl4g_wtyz1ffy300000gn/T//ccEEH8Oq.s:25     .text.Ft_Esd_RadioGroup_Reset_Signal:0000000000000000 Ft_Esd_RadioGroup_Reset_Signal
/var/folders/n8/cvzdcwlj0vl4g_wtyz1ffy300000gn/T//ccEEH8Oq.s:43     .text.Ft_Esd_RadioGroup_GetPointer:0000000000000000 $t
/var/folders/n8/cvzdcwlj0vl4g_wtyz1ffy300000gn/T//ccEEH8Oq.s:50     .text.Ft_Esd_RadioGroup_GetPointer:0000000000000000 Ft_Esd_RadioGroup_GetPointer

NO UNDEFINED SYMBOLS
