ARM GAS  /var/folders/n8/cvzdcwlj0vl4g_wtyz1ffy300000gn/T//ccsHH473.s 			page 1


   1              		.cpu cortex-m7
   2              		.eabi_attribute 27, 1
   3              		.eabi_attribute 28, 1
   4              		.eabi_attribute 20, 1
   5              		.eabi_attribute 21, 1
   6              		.eabi_attribute 23, 3
   7              		.eabi_attribute 24, 1
   8              		.eabi_attribute 25, 1
   9              		.eabi_attribute 26, 1
  10              		.eabi_attribute 30, 1
  11              		.eabi_attribute 34, 1
  12              		.eabi_attribute 18, 4
  13              		.file	"Ft_Esd_Theme_LightBlue.c"
  14              		.text
  15              	.Ltext0:
  16              		.cfi_sections	.debug_frame
  17              		.section	.text.Ft_Esd_Theme_LightBlue,"ax",%progbits
  18              		.align	1
  19              		.global	Ft_Esd_Theme_LightBlue
  20              		.syntax unified
  21              		.thumb
  22              		.thumb_func
  23              		.fpu fpv5-sp-d16
  25              	Ft_Esd_Theme_LightBlue:
  26              	.LFB9:
  27              		.file 1 "FT_Esd_Widgets/Ft_Esd_Theme_LightBlue.c"
   1:FT_Esd_Widgets/Ft_Esd_Theme_LightBlue.c **** /*
   2:FT_Esd_Widgets/Ft_Esd_Theme_LightBlue.c **** This file is automatically generated
   3:FT_Esd_Widgets/Ft_Esd_Theme_LightBlue.c **** Ft_Esd_Theme_LightBlue
   4:FT_Esd_Widgets/Ft_Esd_Theme_LightBlue.c **** C Source
   5:FT_Esd_Widgets/Ft_Esd_Theme_LightBlue.c **** */
   6:FT_Esd_Widgets/Ft_Esd_Theme_LightBlue.c **** 
   7:FT_Esd_Widgets/Ft_Esd_Theme_LightBlue.c **** #include "Ft_Esd_Theme_LightBlue.h"
   8:FT_Esd_Widgets/Ft_Esd_Theme_LightBlue.c **** 
   9:FT_Esd_Widgets/Ft_Esd_Theme_LightBlue.c **** static Ft_Esd_Theme Ft_Esd_Theme_LightBlue__Instance = {
  10:FT_Esd_Widgets/Ft_Esd_Theme_LightBlue.c **** 	.ClearColor = 0xebebeb,
  11:FT_Esd_Widgets/Ft_Esd_Theme_LightBlue.c **** 	.BackColor = 0xffffff,
  12:FT_Esd_Widgets/Ft_Esd_Theme_LightBlue.c **** 	.TextColor = 0x0,
  13:FT_Esd_Widgets/Ft_Esd_Theme_LightBlue.c **** 	.ButtonTextColor = 0xfafafa,
  14:FT_Esd_Widgets/Ft_Esd_Theme_LightBlue.c **** 	.DefaultColor = 0x717171,
  15:FT_Esd_Widgets/Ft_Esd_Theme_LightBlue.c **** 	.PrimaryColor = 0x2277c7,
  16:FT_Esd_Widgets/Ft_Esd_Theme_LightBlue.c **** };
  17:FT_Esd_Widgets/Ft_Esd_Theme_LightBlue.c **** 
  18:FT_Esd_Widgets/Ft_Esd_Theme_LightBlue.c **** Ft_Esd_Theme *Ft_Esd_Theme_LightBlue()
  19:FT_Esd_Widgets/Ft_Esd_Theme_LightBlue.c **** {
  28              		.loc 1 19 0
  29              		.cfi_startproc
  30              		@ args = 0, pretend = 0, frame = 0
  31              		@ frame_needed = 0, uses_anonymous_args = 0
  32              		@ link register save eliminated.
  20:FT_Esd_Widgets/Ft_Esd_Theme_LightBlue.c **** 	return &Ft_Esd_Theme_LightBlue__Instance;
  21:FT_Esd_Widgets/Ft_Esd_Theme_LightBlue.c **** }
  33              		.loc 1 21 0
  34 0000 0048     		ldr	r0, .L2
  35 0002 7047     		bx	lr
  36              	.L3:
  37              		.align	2
ARM GAS  /var/folders/n8/cvzdcwlj0vl4g_wtyz1ffy300000gn/T//ccsHH473.s 			page 2


  38              	.L2:
  39 0004 00000000 		.word	.LANCHOR0
  40              		.cfi_endproc
  41              	.LFE9:
  43              		.section	.data.Ft_Esd_Theme_LightBlue__Instance,"aw",%progbits
  44              		.align	2
  45              		.set	.LANCHOR0,. + 0
  48              	Ft_Esd_Theme_LightBlue__Instance:
  49 0000 EBEBEB00 		.word	15461355
  50 0004 FFFFFF00 		.word	16777215
  51 0008 00000000 		.word	0
  52 000c FAFAFA00 		.word	16448250
  53 0010 71717100 		.word	7434609
  54 0014 C7772200 		.word	2258887
  55              		.text
  56              	.Letext0:
  57              		.file 2 "FT_Eve_Hal/FT_DataTypes.h"
  58              		.file 3 "/usr/local/Cellar/arm-none-eabi-gcc/20180627/arm-none-eabi/include/sys/lock.h"
  59              		.file 4 "/usr/local/Cellar/arm-none-eabi-gcc/20180627/arm-none-eabi/include/sys/_types.h"
  60              		.file 5 "/usr/local/Cellar/arm-none-eabi-gcc/20180627/lib/gcc/arm-none-eabi/7.3.1/include/stddef.h
  61              		.file 6 "/usr/local/Cellar/arm-none-eabi-gcc/20180627/arm-none-eabi/include/sys/unistd.h"
  62              		.file 7 "/usr/local/Cellar/arm-none-eabi-gcc/20180627/arm-none-eabi/include/sys/reent.h"
  63              		.file 8 "/usr/local/Cellar/arm-none-eabi-gcc/20180627/arm-none-eabi/include/stdlib.h"
  64              		.file 9 "FT_Esd_Framework/Ft_Esd.h"
  65              		.file 10 "FT_Esd_Widgets/Ft_Esd_Theme.h"
ARM GAS  /var/folders/n8/cvzdcwlj0vl4g_wtyz1ffy300000gn/T//ccsHH473.s 			page 3


DEFINED SYMBOLS
                            *ABS*:0000000000000000 Ft_Esd_Theme_LightBlue.c
/var/folders/n8/cvzdcwlj0vl4g_wtyz1ffy300000gn/T//ccsHH473.s:18     .text.Ft_Esd_Theme_LightBlue:0000000000000000 $t
/var/folders/n8/cvzdcwlj0vl4g_wtyz1ffy300000gn/T//ccsHH473.s:25     .text.Ft_Esd_Theme_LightBlue:0000000000000000 Ft_Esd_Theme_LightBlue
/var/folders/n8/cvzdcwlj0vl4g_wtyz1ffy300000gn/T//ccsHH473.s:39     .text.Ft_Esd_Theme_LightBlue:0000000000000004 $d
/var/folders/n8/cvzdcwlj0vl4g_wtyz1ffy300000gn/T//ccsHH473.s:44     .data.Ft_Esd_Theme_LightBlue__Instance:0000000000000000 $d
/var/folders/n8/cvzdcwlj0vl4g_wtyz1ffy300000gn/T//ccsHH473.s:48     .data.Ft_Esd_Theme_LightBlue__Instance:0000000000000000 Ft_Esd_Theme_LightBlue__Instance

NO UNDEFINED SYMBOLS
