ARM GAS  /var/folders/n8/cvzdcwlj0vl4g_wtyz1ffy300000gn/T//ccJLrTNk.s 			page 1


   1              		.cpu cortex-m7
   2              		.eabi_attribute 27, 1
   3              		.eabi_attribute 28, 1
   4              		.eabi_attribute 20, 1
   5              		.eabi_attribute 21, 1
   6              		.eabi_attribute 23, 3
   7              		.eabi_attribute 24, 1
   8              		.eabi_attribute 25, 1
   9              		.eabi_attribute 26, 1
  10              		.eabi_attribute 30, 1
  11              		.eabi_attribute 34, 1
  12              		.eabi_attribute 18, 4
  13              		.file	"Ft_Esd_Timer__Generated.c"
  14              		.text
  15              	.Ltext0:
  16              		.cfi_sections	.debug_frame
  17              		.section	.text.Ft_Esd_Timer__Initializer,"ax",%progbits
  18              		.align	1
  19              		.global	Ft_Esd_Timer__Initializer
  20              		.syntax unified
  21              		.thumb
  22              		.thumb_func
  23              		.fpu fpv5-sp-d16
  25              	Ft_Esd_Timer__Initializer:
  26              	.LFB3:
  27              		.file 1 "FT_Esd_Framework/Ft_Esd_Timer__Generated.c"
   1:FT_Esd_Framework/Ft_Esd_Timer__Generated.c **** /*
   2:FT_Esd_Framework/Ft_Esd_Timer__Generated.c **** This file is automatically generated
   3:FT_Esd_Framework/Ft_Esd_Timer__Generated.c **** Ft_Esd_Timer
   4:FT_Esd_Framework/Ft_Esd_Timer__Generated.c **** C Source
   5:FT_Esd_Framework/Ft_Esd_Timer__Generated.c **** */
   6:FT_Esd_Framework/Ft_Esd_Timer__Generated.c **** 
   7:FT_Esd_Framework/Ft_Esd_Timer__Generated.c **** #include "Ft_Esd_Timer.h"
   8:FT_Esd_Framework/Ft_Esd_Timer__Generated.c **** 
   9:FT_Esd_Framework/Ft_Esd_Timer__Generated.c **** 
  10:FT_Esd_Framework/Ft_Esd_Timer__Generated.c **** extern void Ft_Esd_Noop(void *context);
  11:FT_Esd_Framework/Ft_Esd_Timer__Generated.c **** 
  12:FT_Esd_Framework/Ft_Esd_Timer__Generated.c **** 
  13:FT_Esd_Framework/Ft_Esd_Timer__Generated.c **** 
  14:FT_Esd_Framework/Ft_Esd_Timer__Generated.c **** void Ft_Esd_Timer__Initializer(Ft_Esd_Timer *context)
  15:FT_Esd_Framework/Ft_Esd_Timer__Generated.c **** {
  28              		.loc 1 15 0
  29              		.cfi_startproc
  30              		@ args = 0, pretend = 0, frame = 0
  31              		@ frame_needed = 0, uses_anonymous_args = 0
  32              		@ link register save eliminated.
  33              	.LVL0:
  16:FT_Esd_Framework/Ft_Esd_Timer__Generated.c **** 	context->Parent = 0;
  34              		.loc 1 16 0
  35 0000 0023     		movs	r3, #0
  36 0002 0360     		str	r3, [r0]
  17:FT_Esd_Framework/Ft_Esd_Timer__Generated.c **** 	context->Fired = Ft_Esd_Noop;
  37              		.loc 1 17 0
  38 0004 034A     		ldr	r2, .L2
  39 0006 4260     		str	r2, [r0, #4]
  18:FT_Esd_Framework/Ft_Esd_Timer__Generated.c **** 	context->TimeoutMs = 1000L;
  40              		.loc 1 18 0
ARM GAS  /var/folders/n8/cvzdcwlj0vl4g_wtyz1ffy300000gn/T//ccJLrTNk.s 			page 2


  41 0008 4FF47A72 		mov	r2, #1000
  42 000c 8260     		str	r2, [r0, #8]
  19:FT_Esd_Framework/Ft_Esd_Timer__Generated.c **** 	context->Repeat = 0;
  43              		.loc 1 19 0
  44 000e 0373     		strb	r3, [r0, #12]
  20:FT_Esd_Framework/Ft_Esd_Timer__Generated.c **** }
  45              		.loc 1 20 0
  46 0010 7047     		bx	lr
  47              	.L3:
  48 0012 00BF     		.align	2
  49              	.L2:
  50 0014 00000000 		.word	Ft_Esd_Noop
  51              		.cfi_endproc
  52              	.LFE3:
  54              		.section	.text.Ft_Esd_Timer_Run,"ax",%progbits
  55              		.align	1
  56              		.global	Ft_Esd_Timer_Run
  57              		.syntax unified
  58              		.thumb
  59              		.thumb_func
  60              		.fpu fpv5-sp-d16
  62              	Ft_Esd_Timer_Run:
  63              	.LFB4:
  21:FT_Esd_Framework/Ft_Esd_Timer__Generated.c **** 
  22:FT_Esd_Framework/Ft_Esd_Timer__Generated.c **** void Ft_Esd_Timer_Run_Signal(Ft_Esd_Timer *context);
  23:FT_Esd_Framework/Ft_Esd_Timer__Generated.c **** void Ft_Esd_Timer_End_Signal(Ft_Esd_Timer *context);
  24:FT_Esd_Framework/Ft_Esd_Timer__Generated.c **** 
  25:FT_Esd_Framework/Ft_Esd_Timer__Generated.c **** void Ft_Esd_Timer_Run(Ft_Esd_Timer *context)
  26:FT_Esd_Framework/Ft_Esd_Timer__Generated.c **** {
  64              		.loc 1 26 0
  65              		.cfi_startproc
  66              		@ args = 0, pretend = 0, frame = 0
  67              		@ frame_needed = 0, uses_anonymous_args = 0
  68              	.LVL1:
  69 0000 08B5     		push	{r3, lr}
  70              	.LCFI0:
  71              		.cfi_def_cfa_offset 8
  72              		.cfi_offset 3, -8
  73              		.cfi_offset 14, -4
  74              	.LVL2:
  27:FT_Esd_Framework/Ft_Esd_Timer__Generated.c **** 	void *parent = context->Parent;
  28:FT_Esd_Framework/Ft_Esd_Timer__Generated.c **** 	Ft_Esd_Timer_Run_Signal(context);
  75              		.loc 1 28 0
  76 0002 FFF7FEFF 		bl	Ft_Esd_Timer_Run_Signal
  77              	.LVL3:
  29:FT_Esd_Framework/Ft_Esd_Timer__Generated.c **** }
  78              		.loc 1 29 0
  79 0006 08BD     		pop	{r3, pc}
  80              		.cfi_endproc
  81              	.LFE4:
  83              		.section	.text.Ft_Esd_Timer_Halt,"ax",%progbits
  84              		.align	1
  85              		.global	Ft_Esd_Timer_Halt
  86              		.syntax unified
  87              		.thumb
  88              		.thumb_func
  89              		.fpu fpv5-sp-d16
ARM GAS  /var/folders/n8/cvzdcwlj0vl4g_wtyz1ffy300000gn/T//ccJLrTNk.s 			page 3


  91              	Ft_Esd_Timer_Halt:
  92              	.LFB5:
  30:FT_Esd_Framework/Ft_Esd_Timer__Generated.c **** 
  31:FT_Esd_Framework/Ft_Esd_Timer__Generated.c **** void Ft_Esd_Timer_Halt(Ft_Esd_Timer *context)
  32:FT_Esd_Framework/Ft_Esd_Timer__Generated.c **** {
  93              		.loc 1 32 0
  94              		.cfi_startproc
  95              		@ args = 0, pretend = 0, frame = 0
  96              		@ frame_needed = 0, uses_anonymous_args = 0
  97              	.LVL4:
  98 0000 08B5     		push	{r3, lr}
  99              	.LCFI1:
 100              		.cfi_def_cfa_offset 8
 101              		.cfi_offset 3, -8
 102              		.cfi_offset 14, -4
 103              	.LVL5:
  33:FT_Esd_Framework/Ft_Esd_Timer__Generated.c **** 	void *parent = context->Parent;
  34:FT_Esd_Framework/Ft_Esd_Timer__Generated.c **** 	Ft_Esd_Timer_End_Signal(context);
 104              		.loc 1 34 0
 105 0002 FFF7FEFF 		bl	Ft_Esd_Timer_End_Signal
 106              	.LVL6:
  35:FT_Esd_Framework/Ft_Esd_Timer__Generated.c **** }
 107              		.loc 1 35 0
 108 0006 08BD     		pop	{r3, pc}
 109              		.cfi_endproc
 110              	.LFE5:
 112              		.section	.text.Ft_Esd_Timer_End,"ax",%progbits
 113              		.align	1
 114              		.global	Ft_Esd_Timer_End
 115              		.syntax unified
 116              		.thumb
 117              		.thumb_func
 118              		.fpu fpv5-sp-d16
 120              	Ft_Esd_Timer_End:
 121              	.LFB6:
  36:FT_Esd_Framework/Ft_Esd_Timer__Generated.c **** 
  37:FT_Esd_Framework/Ft_Esd_Timer__Generated.c **** void Ft_Esd_Timer_End(Ft_Esd_Timer *context)
  38:FT_Esd_Framework/Ft_Esd_Timer__Generated.c **** {
 122              		.loc 1 38 0
 123              		.cfi_startproc
 124              		@ args = 0, pretend = 0, frame = 0
 125              		@ frame_needed = 0, uses_anonymous_args = 0
 126              	.LVL7:
 127 0000 08B5     		push	{r3, lr}
 128              	.LCFI2:
 129              		.cfi_def_cfa_offset 8
 130              		.cfi_offset 3, -8
 131              		.cfi_offset 14, -4
 132              	.LVL8:
  39:FT_Esd_Framework/Ft_Esd_Timer__Generated.c **** 	void *parent = context->Parent;
  40:FT_Esd_Framework/Ft_Esd_Timer__Generated.c **** 	Ft_Esd_Timer_End_Signal(context);
 133              		.loc 1 40 0
 134 0002 FFF7FEFF 		bl	Ft_Esd_Timer_End_Signal
 135              	.LVL9:
  41:FT_Esd_Framework/Ft_Esd_Timer__Generated.c **** }
 136              		.loc 1 41 0
 137 0006 08BD     		pop	{r3, pc}
ARM GAS  /var/folders/n8/cvzdcwlj0vl4g_wtyz1ffy300000gn/T//ccJLrTNk.s 			page 4


 138              		.cfi_endproc
 139              	.LFE6:
 141              		.text
 142              	.Letext0:
 143              		.file 2 "FT_Eve_Hal/FT_DataTypes.h"
 144              		.file 3 "/usr/local/Cellar/arm-none-eabi-gcc/20180627/arm-none-eabi/include/sys/lock.h"
 145              		.file 4 "/usr/local/Cellar/arm-none-eabi-gcc/20180627/arm-none-eabi/include/sys/_types.h"
 146              		.file 5 "/usr/local/Cellar/arm-none-eabi-gcc/20180627/lib/gcc/arm-none-eabi/7.3.1/include/stddef.h
 147              		.file 6 "/usr/local/Cellar/arm-none-eabi-gcc/20180627/arm-none-eabi/include/sys/unistd.h"
 148              		.file 7 "/usr/local/Cellar/arm-none-eabi-gcc/20180627/arm-none-eabi/include/sys/reent.h"
 149              		.file 8 "/usr/local/Cellar/arm-none-eabi-gcc/20180627/arm-none-eabi/include/stdlib.h"
 150              		.file 9 "FT_Esd_Framework/Ft_Esd_Timer.h"
ARM GAS  /var/folders/n8/cvzdcwlj0vl4g_wtyz1ffy300000gn/T//ccJLrTNk.s 			page 5


DEFINED SYMBOLS
                            *ABS*:0000000000000000 Ft_Esd_Timer__Generated.c
/var/folders/n8/cvzdcwlj0vl4g_wtyz1ffy300000gn/T//ccJLrTNk.s:18     .text.Ft_Esd_Timer__Initializer:0000000000000000 $t
/var/folders/n8/cvzdcwlj0vl4g_wtyz1ffy300000gn/T//ccJLrTNk.s:25     .text.Ft_Esd_Timer__Initializer:0000000000000000 Ft_Esd_Timer__Initializer
/var/folders/n8/cvzdcwlj0vl4g_wtyz1ffy300000gn/T//ccJLrTNk.s:50     .text.Ft_Esd_Timer__Initializer:0000000000000014 $d
/var/folders/n8/cvzdcwlj0vl4g_wtyz1ffy300000gn/T//ccJLrTNk.s:55     .text.Ft_Esd_Timer_Run:0000000000000000 $t
/var/folders/n8/cvzdcwlj0vl4g_wtyz1ffy300000gn/T//ccJLrTNk.s:62     .text.Ft_Esd_Timer_Run:0000000000000000 Ft_Esd_Timer_Run
/var/folders/n8/cvzdcwlj0vl4g_wtyz1ffy300000gn/T//ccJLrTNk.s:84     .text.Ft_Esd_Timer_Halt:0000000000000000 $t
/var/folders/n8/cvzdcwlj0vl4g_wtyz1ffy300000gn/T//ccJLrTNk.s:91     .text.Ft_Esd_Timer_Halt:0000000000000000 Ft_Esd_Timer_Halt
/var/folders/n8/cvzdcwlj0vl4g_wtyz1ffy300000gn/T//ccJLrTNk.s:113    .text.Ft_Esd_Timer_End:0000000000000000 $t
/var/folders/n8/cvzdcwlj0vl4g_wtyz1ffy300000gn/T//ccJLrTNk.s:120    .text.Ft_Esd_Timer_End:0000000000000000 Ft_Esd_Timer_End

UNDEFINED SYMBOLS
Ft_Esd_Noop
Ft_Esd_Timer_Run_Signal
Ft_Esd_Timer_End_Signal
