ARM GAS  /var/folders/n8/cvzdcwlj0vl4g_wtyz1ffy300000gn/T//cceBEwcS.s 			page 1


   1              		.cpu cortex-m7
   2              		.eabi_attribute 27, 1
   3              		.eabi_attribute 28, 1
   4              		.eabi_attribute 20, 1
   5              		.eabi_attribute 21, 1
   6              		.eabi_attribute 23, 3
   7              		.eabi_attribute 24, 1
   8              		.eabi_attribute 25, 1
   9              		.eabi_attribute 26, 1
  10              		.eabi_attribute 30, 1
  11              		.eabi_attribute 34, 1
  12              		.eabi_attribute 18, 4
  13              		.file	"SwitchPage.c"
  14              		.text
  15              	.Ltext0:
  16              		.cfi_sections	.debug_frame
  17              		.section	.text.SwitchPage__Initializer,"ax",%progbits
  18              		.align	1
  19              		.global	SwitchPage__Initializer
  20              		.syntax unified
  21              		.thumb
  22              		.thumb_func
  23              		.fpu fpv5-sp-d16
  25              	SwitchPage__Initializer:
  26              	.LFB3:
  27              		.file 1 "FT_Esd_Widgets/SwitchPage.c"
   1:FT_Esd_Widgets/SwitchPage.c **** #include "SwitchPage.h"
   2:FT_Esd_Widgets/SwitchPage.c **** 
   3:FT_Esd_Widgets/SwitchPage.c **** static SwitchPage *s_ActiveSwitchPage = 0;
   4:FT_Esd_Widgets/SwitchPage.c **** 
   5:FT_Esd_Widgets/SwitchPage.c **** void SwitchPage__Initializer(SwitchPage *context)
   6:FT_Esd_Widgets/SwitchPage.c **** {
  28              		.loc 1 6 0
  29              		.cfi_startproc
  30              		@ args = 0, pretend = 0, frame = 0
  31              		@ frame_needed = 0, uses_anonymous_args = 0
  32              		@ link register save eliminated.
  33              	.LVL0:
   7:FT_Esd_Widgets/SwitchPage.c **** 	context->Parent = 0;
  34              		.loc 1 7 0
  35 0000 0023     		movs	r3, #0
  36 0002 0360     		str	r3, [r0]
   8:FT_Esd_Widgets/SwitchPage.c **** }
  37              		.loc 1 8 0
  38 0004 7047     		bx	lr
  39              		.cfi_endproc
  40              	.LFE3:
  42              		.section	.text.SwitchPage_Activate,"ax",%progbits
  43              		.align	1
  44              		.global	SwitchPage_Activate
  45              		.syntax unified
  46              		.thumb
  47              		.thumb_func
  48              		.fpu fpv5-sp-d16
  50              	SwitchPage_Activate:
  51              	.LFB4:
   9:FT_Esd_Widgets/SwitchPage.c **** 
ARM GAS  /var/folders/n8/cvzdcwlj0vl4g_wtyz1ffy300000gn/T//cceBEwcS.s 			page 2


  10:FT_Esd_Widgets/SwitchPage.c **** void SwitchPage_Activate(SwitchPage *context)
  11:FT_Esd_Widgets/SwitchPage.c **** {
  52              		.loc 1 11 0
  53              		.cfi_startproc
  54              		@ args = 0, pretend = 0, frame = 0
  55              		@ frame_needed = 0, uses_anonymous_args = 0
  56              		@ link register save eliminated.
  57              	.LVL1:
  12:FT_Esd_Widgets/SwitchPage.c **** 	s_ActiveSwitchPage = context;
  58              		.loc 1 12 0
  59 0000 014B     		ldr	r3, .L3
  60 0002 1860     		str	r0, [r3]
  13:FT_Esd_Widgets/SwitchPage.c **** }
  61              		.loc 1 13 0
  62 0004 7047     		bx	lr
  63              	.L4:
  64 0006 00BF     		.align	2
  65              	.L3:
  66 0008 00000000 		.word	.LANCHOR0
  67              		.cfi_endproc
  68              	.LFE4:
  70              		.section	.text.SwitchPage_Active,"ax",%progbits
  71              		.align	1
  72              		.global	SwitchPage_Active
  73              		.syntax unified
  74              		.thumb
  75              		.thumb_func
  76              		.fpu fpv5-sp-d16
  78              	SwitchPage_Active:
  79              	.LFB5:
  14:FT_Esd_Widgets/SwitchPage.c **** 
  15:FT_Esd_Widgets/SwitchPage.c **** int SwitchPage_Active(SwitchPage *context)
  16:FT_Esd_Widgets/SwitchPage.c **** {
  80              		.loc 1 16 0
  81              		.cfi_startproc
  82              		@ args = 0, pretend = 0, frame = 0
  83              		@ frame_needed = 0, uses_anonymous_args = 0
  84              		@ link register save eliminated.
  85              	.LVL2:
  17:FT_Esd_Widgets/SwitchPage.c **** 	return context == s_ActiveSwitchPage;
  86              		.loc 1 17 0
  87 0000 034B     		ldr	r3, .L6
  88 0002 1B68     		ldr	r3, [r3]
  18:FT_Esd_Widgets/SwitchPage.c **** }
  89              		.loc 1 18 0
  90 0004 8342     		cmp	r3, r0
  91 0006 14BF     		ite	ne
  92 0008 0020     		movne	r0, #0
  93              	.LVL3:
  94 000a 0120     		moveq	r0, #1
  95 000c 7047     		bx	lr
  96              	.L7:
  97 000e 00BF     		.align	2
  98              	.L6:
  99 0010 00000000 		.word	.LANCHOR0
 100              		.cfi_endproc
 101              	.LFE5:
ARM GAS  /var/folders/n8/cvzdcwlj0vl4g_wtyz1ffy300000gn/T//cceBEwcS.s 			page 3


 103              		.section	.bss.s_ActiveSwitchPage,"aw",%nobits
 104              		.align	2
 105              		.set	.LANCHOR0,. + 0
 108              	s_ActiveSwitchPage:
 109 0000 00000000 		.space	4
 110              		.text
 111              	.Letext0:
 112              		.file 2 "/usr/local/Cellar/arm-none-eabi-gcc/20180627/arm-none-eabi/include/sys/lock.h"
 113              		.file 3 "/usr/local/Cellar/arm-none-eabi-gcc/20180627/arm-none-eabi/include/sys/_types.h"
 114              		.file 4 "/usr/local/Cellar/arm-none-eabi-gcc/20180627/lib/gcc/arm-none-eabi/7.3.1/include/stddef.h
 115              		.file 5 "/usr/local/Cellar/arm-none-eabi-gcc/20180627/arm-none-eabi/include/sys/unistd.h"
 116              		.file 6 "/usr/local/Cellar/arm-none-eabi-gcc/20180627/arm-none-eabi/include/sys/reent.h"
 117              		.file 7 "/usr/local/Cellar/arm-none-eabi-gcc/20180627/arm-none-eabi/include/stdlib.h"
 118              		.file 8 "FT_Esd_Widgets/SwitchPage.h"
ARM GAS  /var/folders/n8/cvzdcwlj0vl4g_wtyz1ffy300000gn/T//cceBEwcS.s 			page 4


DEFINED SYMBOLS
                            *ABS*:0000000000000000 SwitchPage.c
/var/folders/n8/cvzdcwlj0vl4g_wtyz1ffy300000gn/T//cceBEwcS.s:18     .text.SwitchPage__Initializer:0000000000000000 $t
/var/folders/n8/cvzdcwlj0vl4g_wtyz1ffy300000gn/T//cceBEwcS.s:25     .text.SwitchPage__Initializer:0000000000000000 SwitchPage__Initializer
/var/folders/n8/cvzdcwlj0vl4g_wtyz1ffy300000gn/T//cceBEwcS.s:43     .text.SwitchPage_Activate:0000000000000000 $t
/var/folders/n8/cvzdcwlj0vl4g_wtyz1ffy300000gn/T//cceBEwcS.s:50     .text.SwitchPage_Activate:0000000000000000 SwitchPage_Activate
/var/folders/n8/cvzdcwlj0vl4g_wtyz1ffy300000gn/T//cceBEwcS.s:66     .text.SwitchPage_Activate:0000000000000008 $d
/var/folders/n8/cvzdcwlj0vl4g_wtyz1ffy300000gn/T//cceBEwcS.s:71     .text.SwitchPage_Active:0000000000000000 $t
/var/folders/n8/cvzdcwlj0vl4g_wtyz1ffy300000gn/T//cceBEwcS.s:78     .text.SwitchPage_Active:0000000000000000 SwitchPage_Active
/var/folders/n8/cvzdcwlj0vl4g_wtyz1ffy300000gn/T//cceBEwcS.s:99     .text.SwitchPage_Active:0000000000000010 $d
/var/folders/n8/cvzdcwlj0vl4g_wtyz1ffy300000gn/T//cceBEwcS.s:104    .bss.s_ActiveSwitchPage:0000000000000000 $d
/var/folders/n8/cvzdcwlj0vl4g_wtyz1ffy300000gn/T//cceBEwcS.s:108    .bss.s_ActiveSwitchPage:0000000000000000 s_ActiveSwitchPage

NO UNDEFINED SYMBOLS
