ARM GAS  /var/folders/n8/cvzdcwlj0vl4g_wtyz1ffy300000gn/T//cc9HAYFq.s 			page 1


   1              		.cpu cortex-m7
   2              		.eabi_attribute 27, 1
   3              		.eabi_attribute 28, 1
   4              		.eabi_attribute 20, 1
   5              		.eabi_attribute 21, 1
   6              		.eabi_attribute 23, 3
   7              		.eabi_attribute 24, 1
   8              		.eabi_attribute 25, 1
   9              		.eabi_attribute 26, 1
  10              		.eabi_attribute 30, 6
  11              		.eabi_attribute 34, 1
  12              		.eabi_attribute 18, 4
  13              		.file	"Ft_Esd.c"
  14              		.text
  15              	.Ltext0:
  16              		.cfi_sections	.debug_frame
  17              		.section	.text.Ft_Esd_Noop,"ax",%progbits
  18              		.align	1
  19              		.global	Ft_Esd_Noop
  20              		.syntax unified
  21              		.thumb
  22              		.thumb_func
  23              		.fpu fpv5-sp-d16
  25              	Ft_Esd_Noop:
  26              	.LFB3:
  27              		.file 1 "FT_Esd_Framework/Ft_Esd.c"
   1:FT_Esd_Framework/Ft_Esd.c **** /*
   2:FT_Esd_Framework/Ft_Esd.c **** 
   3:FT_Esd_Framework/Ft_Esd.c **** Copyright (C) 2015-2016  BridgeTek Pte Ltd
   4:FT_Esd_Framework/Ft_Esd.c **** 
   5:FT_Esd_Framework/Ft_Esd.c **** THIS SOFTWARE IS PROVIDED BY BridgeTek Pte Ltd "AS IS"
   6:FT_Esd_Framework/Ft_Esd.c **** AND ANY EXPRESS OR IMPLIED WARRANTIES, INCLUDING, BUT NOT LIMITED TO, THE IMPLIED WARRANTIES
   7:FT_Esd_Framework/Ft_Esd.c **** OF MERCHANTABILITY AND FITNESS FOR A PARTICULAR PURPOSE ARE DISCLAIMED. IN NO EVENT SHALL
   8:FT_Esd_Framework/Ft_Esd.c **** BridgeTek Pte Ltd BE LIABLE FOR ANY DIRECT, INDIRECT, INCIDENTAL,
   9:FT_Esd_Framework/Ft_Esd.c **** SPECIAL, EXEMPLARY, OR CONSEQUENTIAL DAMAGES (INCLUDING, BUT NOT LIMITED TO, PROCUREMENT
  10:FT_Esd_Framework/Ft_Esd.c **** OF SUBSTITUTE GOODS OR SERVICES LOSS OF USE, DATA, OR PROFITS OR BUSINESS INTERRUPTION)
  11:FT_Esd_Framework/Ft_Esd.c **** HOWEVER CAUSED AND ON ANY THEORY OF LIABILITY, WHETHER IN CONTRACT, STRICT LIABILITY, OR
  12:FT_Esd_Framework/Ft_Esd.c **** TORT (INCLUDING NEGLIGENCE OR OTHERWISE) ARISING IN ANY WAY OUT OF THE USE OF THIS SOFTWARE,
  13:FT_Esd_Framework/Ft_Esd.c **** EVEN IF ADVISED OF THE POSSIBILITY OF SUCH DAMAGE.
  14:FT_Esd_Framework/Ft_Esd.c **** 
  15:FT_Esd_Framework/Ft_Esd.c **** Author: Jan Boon <jan.boon@kaetemi.be>
  16:FT_Esd_Framework/Ft_Esd.c **** 
  17:FT_Esd_Framework/Ft_Esd.c **** */
  18:FT_Esd_Framework/Ft_Esd.c **** 
  19:FT_Esd_Framework/Ft_Esd.c **** #include "Ft_Esd.h"
  20:FT_Esd_Framework/Ft_Esd.c **** 
  21:FT_Esd_Framework/Ft_Esd.c **** void Ft_Esd_Noop(void *context)
  22:FT_Esd_Framework/Ft_Esd.c **** {
  28              		.loc 1 22 0
  29              		.cfi_startproc
  30              		@ args = 0, pretend = 0, frame = 8
  31              		@ frame_needed = 1, uses_anonymous_args = 0
  32              		@ link register save eliminated.
  33 0000 80B4     		push	{r7}
  34              	.LCFI0:
  35              		.cfi_def_cfa_offset 4
  36              		.cfi_offset 7, -4
ARM GAS  /var/folders/n8/cvzdcwlj0vl4g_wtyz1ffy300000gn/T//cc9HAYFq.s 			page 2


  37 0002 83B0     		sub	sp, sp, #12
  38              	.LCFI1:
  39              		.cfi_def_cfa_offset 16
  40 0004 00AF     		add	r7, sp, #0
  41              	.LCFI2:
  42              		.cfi_def_cfa_register 7
  43 0006 7860     		str	r0, [r7, #4]
  23:FT_Esd_Framework/Ft_Esd.c **** 	// no-op
  24:FT_Esd_Framework/Ft_Esd.c **** }
  44              		.loc 1 24 0
  45 0008 00BF     		nop
  46 000a 0C37     		adds	r7, r7, #12
  47              	.LCFI3:
  48              		.cfi_def_cfa_offset 4
  49 000c BD46     		mov	sp, r7
  50              	.LCFI4:
  51              		.cfi_def_cfa_register 13
  52              		@ sp needed
  53 000e 5DF8047B 		ldr	r7, [sp], #4
  54              	.LCFI5:
  55              		.cfi_restore 7
  56              		.cfi_def_cfa_offset 0
  57 0012 7047     		bx	lr
  58              		.cfi_endproc
  59              	.LFE3:
  61              		.text
  62              	.Letext0:
  63              		.file 2 "/usr/local/Cellar/arm-none-eabi-gcc/20180627/arm-none-eabi/include/sys/lock.h"
  64              		.file 3 "/usr/local/Cellar/arm-none-eabi-gcc/20180627/arm-none-eabi/include/sys/_types.h"
  65              		.file 4 "/usr/local/Cellar/arm-none-eabi-gcc/20180627/lib/gcc/arm-none-eabi/7.3.1/include/stddef.h
  66              		.file 5 "/usr/local/Cellar/arm-none-eabi-gcc/20180627/arm-none-eabi/include/sys/unistd.h"
  67              		.file 6 "/usr/local/Cellar/arm-none-eabi-gcc/20180627/arm-none-eabi/include/sys/reent.h"
  68              		.file 7 "/usr/local/Cellar/arm-none-eabi-gcc/20180627/arm-none-eabi/include/stdlib.h"
ARM GAS  /var/folders/n8/cvzdcwlj0vl4g_wtyz1ffy300000gn/T//cc9HAYFq.s 			page 3


DEFINED SYMBOLS
                            *ABS*:0000000000000000 Ft_Esd.c
/var/folders/n8/cvzdcwlj0vl4g_wtyz1ffy300000gn/T//cc9HAYFq.s:18     .text.Ft_Esd_Noop:0000000000000000 $t
/var/folders/n8/cvzdcwlj0vl4g_wtyz1ffy300000gn/T//cc9HAYFq.s:25     .text.Ft_Esd_Noop:0000000000000000 Ft_Esd_Noop

NO UNDEFINED SYMBOLS
