ARM GAS  /var/folders/n8/cvzdcwlj0vl4g_wtyz1ffy300000gn/T//ccfPUKXn.s 			page 1


   1              		.cpu cortex-m7
   2              		.eabi_attribute 27, 1
   3              		.eabi_attribute 28, 1
   4              		.eabi_attribute 20, 1
   5              		.eabi_attribute 21, 1
   6              		.eabi_attribute 23, 3
   7              		.eabi_attribute 24, 1
   8              		.eabi_attribute 25, 1
   9              		.eabi_attribute 26, 1
  10              		.eabi_attribute 30, 6
  11              		.eabi_attribute 34, 1
  12              		.eabi_attribute 18, 4
  13              		.file	"Ft_Esd_RadioGroup.c"
  14              		.text
  15              	.Ltext0:
  16              		.cfi_sections	.debug_frame
  17              		.section	.text.Ft_Esd_RadioGroup_Reset_Signal,"ax",%progbits
  18              		.align	1
  19              		.global	Ft_Esd_RadioGroup_Reset_Signal
  20              		.syntax unified
  21              		.thumb
  22              		.thumb_func
  23              		.fpu fpv5-sp-d16
  25              	Ft_Esd_RadioGroup_Reset_Signal:
  26              	.LFB3:
  27              		.file 1 "FT_Esd_Widgets/Ft_Esd_RadioGroup.c"
   1:FT_Esd_Widgets/Ft_Esd_RadioGroup.c **** #include "Ft_Esd.h"
   2:FT_Esd_Widgets/Ft_Esd_RadioGroup.c **** #include "Ft_Esd_RadioGroup.h"
   3:FT_Esd_Widgets/Ft_Esd_RadioGroup.c **** 
   4:FT_Esd_Widgets/Ft_Esd_RadioGroup.c **** ESD_TYPE(Ft_Esd_RadioGroup *, Native = Pointer, Edit = None)
   5:FT_Esd_Widgets/Ft_Esd_RadioGroup.c **** ESD_TYPE(Ft_Esd_RadioButton *, Native = Pointer, Edit = None)
   6:FT_Esd_Widgets/Ft_Esd_RadioGroup.c **** 
   7:FT_Esd_Widgets/Ft_Esd_RadioGroup.c **** ESD_METHOD(Ft_Esd_RadioGroup_Reset_Signal, Context = Ft_Esd_RadioGroup)
   8:FT_Esd_Widgets/Ft_Esd_RadioGroup.c **** void Ft_Esd_RadioGroup_Reset_Signal(Ft_Esd_RadioGroup *context)
   9:FT_Esd_Widgets/Ft_Esd_RadioGroup.c **** {
  28              		.loc 1 9 0
  29              		.cfi_startproc
  30              		@ args = 0, pretend = 0, frame = 8
  31              		@ frame_needed = 1, uses_anonymous_args = 0
  32              		@ link register save eliminated.
  33 0000 80B4     		push	{r7}
  34              	.LCFI0:
  35              		.cfi_def_cfa_offset 4
  36              		.cfi_offset 7, -4
  37 0002 83B0     		sub	sp, sp, #12
  38              	.LCFI1:
  39              		.cfi_def_cfa_offset 16
  40 0004 00AF     		add	r7, sp, #0
  41              	.LCFI2:
  42              		.cfi_def_cfa_register 7
  43 0006 7860     		str	r0, [r7, #4]
  10:FT_Esd_Widgets/Ft_Esd_RadioGroup.c **** 	context->Checked = 0;
  44              		.loc 1 10 0
  45 0008 7B68     		ldr	r3, [r7, #4]
  46 000a 0022     		movs	r2, #0
  47 000c 5A60     		str	r2, [r3, #4]
  11:FT_Esd_Widgets/Ft_Esd_RadioGroup.c **** }
ARM GAS  /var/folders/n8/cvzdcwlj0vl4g_wtyz1ffy300000gn/T//ccfPUKXn.s 			page 2


  48              		.loc 1 11 0
  49 000e 00BF     		nop
  50 0010 0C37     		adds	r7, r7, #12
  51              	.LCFI3:
  52              		.cfi_def_cfa_offset 4
  53 0012 BD46     		mov	sp, r7
  54              	.LCFI4:
  55              		.cfi_def_cfa_register 13
  56              		@ sp needed
  57 0014 5DF8047B 		ldr	r7, [sp], #4
  58              	.LCFI5:
  59              		.cfi_restore 7
  60              		.cfi_def_cfa_offset 0
  61 0018 7047     		bx	lr
  62              		.cfi_endproc
  63              	.LFE3:
  65              		.section	.text.Ft_Esd_RadioGroup_GetPointer,"ax",%progbits
  66              		.align	1
  67              		.global	Ft_Esd_RadioGroup_GetPointer
  68              		.syntax unified
  69              		.thumb
  70              		.thumb_func
  71              		.fpu fpv5-sp-d16
  73              	Ft_Esd_RadioGroup_GetPointer:
  74              	.LFB4:
  12:FT_Esd_Widgets/Ft_Esd_RadioGroup.c **** 
  13:FT_Esd_Widgets/Ft_Esd_RadioGroup.c **** ESD_METHOD(Ft_Esd_RadioGroup_GetPointer, Context = Ft_Esd_RadioGroup, Type = Ft_Esd_RadioGroup *)
  14:FT_Esd_Widgets/Ft_Esd_RadioGroup.c **** Ft_Esd_RadioGroup *Ft_Esd_RadioGroup_GetPointer(Ft_Esd_RadioGroup *context)
  15:FT_Esd_Widgets/Ft_Esd_RadioGroup.c **** {
  75              		.loc 1 15 0
  76              		.cfi_startproc
  77              		@ args = 0, pretend = 0, frame = 8
  78              		@ frame_needed = 1, uses_anonymous_args = 0
  79              		@ link register save eliminated.
  80 0000 80B4     		push	{r7}
  81              	.LCFI6:
  82              		.cfi_def_cfa_offset 4
  83              		.cfi_offset 7, -4
  84 0002 83B0     		sub	sp, sp, #12
  85              	.LCFI7:
  86              		.cfi_def_cfa_offset 16
  87 0004 00AF     		add	r7, sp, #0
  88              	.LCFI8:
  89              		.cfi_def_cfa_register 7
  90 0006 7860     		str	r0, [r7, #4]
  16:FT_Esd_Widgets/Ft_Esd_RadioGroup.c **** 	return context;
  91              		.loc 1 16 0
  92 0008 7B68     		ldr	r3, [r7, #4]
  17:FT_Esd_Widgets/Ft_Esd_RadioGroup.c **** }
  93              		.loc 1 17 0
  94 000a 1846     		mov	r0, r3
  95 000c 0C37     		adds	r7, r7, #12
  96              	.LCFI9:
  97              		.cfi_def_cfa_offset 4
  98 000e BD46     		mov	sp, r7
  99              	.LCFI10:
 100              		.cfi_def_cfa_register 13
ARM GAS  /var/folders/n8/cvzdcwlj0vl4g_wtyz1ffy300000gn/T//ccfPUKXn.s 			page 3


 101              		@ sp needed
 102 0010 5DF8047B 		ldr	r7, [sp], #4
 103              	.LCFI11:
 104              		.cfi_restore 7
 105              		.cfi_def_cfa_offset 0
 106 0014 7047     		bx	lr
 107              		.cfi_endproc
 108              	.LFE4:
 110              		.text
 111              	.Letext0:
 112              		.file 2 "/usr/local/Cellar/arm-none-eabi-gcc/20180627/arm-none-eabi/include/sys/lock.h"
 113              		.file 3 "/usr/local/Cellar/arm-none-eabi-gcc/20180627/arm-none-eabi/include/sys/_types.h"
 114              		.file 4 "/usr/local/Cellar/arm-none-eabi-gcc/20180627/lib/gcc/arm-none-eabi/7.3.1/include/stddef.h
 115              		.file 5 "/usr/local/Cellar/arm-none-eabi-gcc/20180627/arm-none-eabi/include/sys/unistd.h"
 116              		.file 6 "/usr/local/Cellar/arm-none-eabi-gcc/20180627/arm-none-eabi/include/sys/reent.h"
 117              		.file 7 "/usr/local/Cellar/arm-none-eabi-gcc/20180627/arm-none-eabi/include/stdlib.h"
 118              		.file 8 "FT_Esd_Widgets/Ft_Esd_RadioGroup.h"
ARM GAS  /var/folders/n8/cvzdcwlj0vl4g_wtyz1ffy300000gn/T//ccfPUKXn.s 			page 4


DEFINED SYMBOLS
                            *ABS*:0000000000000000 Ft_Esd_RadioGroup.c
/var/folders/n8/cvzdcwlj0vl4g_wtyz1ffy300000gn/T//ccfPUKXn.s:18     .text.Ft_Esd_RadioGroup_Reset_Signal:0000000000000000 $t
/var/folders/n8/cvzdcwlj0vl4g_wtyz1ffy300000gn/T//ccfPUKXn.s:25     .text.Ft_Esd_RadioGroup_Reset_Signal:0000000000000000 Ft_Esd_RadioGroup_Reset_Signal
/var/folders/n8/cvzdcwlj0vl4g_wtyz1ffy300000gn/T//ccfPUKXn.s:66     .text.Ft_Esd_RadioGroup_GetPointer:0000000000000000 $t
/var/folders/n8/cvzdcwlj0vl4g_wtyz1ffy300000gn/T//ccfPUKXn.s:73     .text.Ft_Esd_RadioGroup_GetPointer:0000000000000000 Ft_Esd_RadioGroup_GetPointer

NO UNDEFINED SYMBOLS
