ARM GAS  /var/folders/n8/cvzdcwlj0vl4g_wtyz1ffy300000gn/T//ccu6dUkB.s 			page 1


   1              		.cpu cortex-m7
   2              		.eabi_attribute 27, 1
   3              		.eabi_attribute 28, 1
   4              		.eabi_attribute 20, 1
   5              		.eabi_attribute 21, 1
   6              		.eabi_attribute 23, 3
   7              		.eabi_attribute 24, 1
   8              		.eabi_attribute 25, 1
   9              		.eabi_attribute 26, 1
  10              		.eabi_attribute 30, 6
  11              		.eabi_attribute 34, 1
  12              		.eabi_attribute 18, 4
  13              		.file	"Ft_Esd_Theme_LightBlue.c"
  14              		.text
  15              	.Ltext0:
  16              		.cfi_sections	.debug_frame
  17              		.section	.data.Ft_Esd_Theme_LightBlue__Instance,"aw",%progbits
  18              		.align	2
  21              	Ft_Esd_Theme_LightBlue__Instance:
  22 0000 EBEBEB00 		.word	15461355
  23 0004 FFFFFF00 		.word	16777215
  24 0008 00000000 		.word	0
  25 000c FAFAFA00 		.word	16448250
  26 0010 71717100 		.word	7434609
  27 0014 C7772200 		.word	2258887
  28              		.section	.text.Ft_Esd_Theme_LightBlue,"ax",%progbits
  29              		.align	1
  30              		.global	Ft_Esd_Theme_LightBlue
  31              		.syntax unified
  32              		.thumb
  33              		.thumb_func
  34              		.fpu fpv5-sp-d16
  36              	Ft_Esd_Theme_LightBlue:
  37              	.LFB9:
  38              		.file 1 "FT_Esd_Widgets/Ft_Esd_Theme_LightBlue.c"
   1:FT_Esd_Widgets/Ft_Esd_Theme_LightBlue.c **** /*
   2:FT_Esd_Widgets/Ft_Esd_Theme_LightBlue.c **** This file is automatically generated
   3:FT_Esd_Widgets/Ft_Esd_Theme_LightBlue.c **** Ft_Esd_Theme_LightBlue
   4:FT_Esd_Widgets/Ft_Esd_Theme_LightBlue.c **** C Source
   5:FT_Esd_Widgets/Ft_Esd_Theme_LightBlue.c **** */
   6:FT_Esd_Widgets/Ft_Esd_Theme_LightBlue.c **** 
   7:FT_Esd_Widgets/Ft_Esd_Theme_LightBlue.c **** #include "Ft_Esd_Theme_LightBlue.h"
   8:FT_Esd_Widgets/Ft_Esd_Theme_LightBlue.c **** 
   9:FT_Esd_Widgets/Ft_Esd_Theme_LightBlue.c **** static Ft_Esd_Theme Ft_Esd_Theme_LightBlue__Instance = {
  10:FT_Esd_Widgets/Ft_Esd_Theme_LightBlue.c **** 	.ClearColor = 0xebebeb,
  11:FT_Esd_Widgets/Ft_Esd_Theme_LightBlue.c **** 	.BackColor = 0xffffff,
  12:FT_Esd_Widgets/Ft_Esd_Theme_LightBlue.c **** 	.TextColor = 0x0,
  13:FT_Esd_Widgets/Ft_Esd_Theme_LightBlue.c **** 	.ButtonTextColor = 0xfafafa,
  14:FT_Esd_Widgets/Ft_Esd_Theme_LightBlue.c **** 	.DefaultColor = 0x717171,
  15:FT_Esd_Widgets/Ft_Esd_Theme_LightBlue.c **** 	.PrimaryColor = 0x2277c7,
  16:FT_Esd_Widgets/Ft_Esd_Theme_LightBlue.c **** };
  17:FT_Esd_Widgets/Ft_Esd_Theme_LightBlue.c **** 
  18:FT_Esd_Widgets/Ft_Esd_Theme_LightBlue.c **** Ft_Esd_Theme *Ft_Esd_Theme_LightBlue()
  19:FT_Esd_Widgets/Ft_Esd_Theme_LightBlue.c **** {
  39              		.loc 1 19 0
  40              		.cfi_startproc
  41              		@ args = 0, pretend = 0, frame = 0
ARM GAS  /var/folders/n8/cvzdcwlj0vl4g_wtyz1ffy300000gn/T//ccu6dUkB.s 			page 2


  42              		@ frame_needed = 1, uses_anonymous_args = 0
  43              		@ link register save eliminated.
  44 0000 80B4     		push	{r7}
  45              	.LCFI0:
  46              		.cfi_def_cfa_offset 4
  47              		.cfi_offset 7, -4
  48 0002 00AF     		add	r7, sp, #0
  49              	.LCFI1:
  50              		.cfi_def_cfa_register 7
  20:FT_Esd_Widgets/Ft_Esd_Theme_LightBlue.c **** 	return &Ft_Esd_Theme_LightBlue__Instance;
  51              		.loc 1 20 0
  52 0004 024B     		ldr	r3, .L3
  21:FT_Esd_Widgets/Ft_Esd_Theme_LightBlue.c **** }
  53              		.loc 1 21 0
  54 0006 1846     		mov	r0, r3
  55 0008 BD46     		mov	sp, r7
  56              	.LCFI2:
  57              		.cfi_def_cfa_register 13
  58              		@ sp needed
  59 000a 5DF8047B 		ldr	r7, [sp], #4
  60              	.LCFI3:
  61              		.cfi_restore 7
  62              		.cfi_def_cfa_offset 0
  63 000e 7047     		bx	lr
  64              	.L4:
  65              		.align	2
  66              	.L3:
  67 0010 00000000 		.word	Ft_Esd_Theme_LightBlue__Instance
  68              		.cfi_endproc
  69              	.LFE9:
  71              		.text
  72              	.Letext0:
  73              		.file 2 "FT_Eve_Hal/FT_DataTypes.h"
  74              		.file 3 "/usr/local/Cellar/arm-none-eabi-gcc/20180627/arm-none-eabi/include/sys/lock.h"
  75              		.file 4 "/usr/local/Cellar/arm-none-eabi-gcc/20180627/arm-none-eabi/include/sys/_types.h"
  76              		.file 5 "/usr/local/Cellar/arm-none-eabi-gcc/20180627/lib/gcc/arm-none-eabi/7.3.1/include/stddef.h
  77              		.file 6 "/usr/local/Cellar/arm-none-eabi-gcc/20180627/arm-none-eabi/include/sys/unistd.h"
  78              		.file 7 "/usr/local/Cellar/arm-none-eabi-gcc/20180627/arm-none-eabi/include/sys/reent.h"
  79              		.file 8 "/usr/local/Cellar/arm-none-eabi-gcc/20180627/arm-none-eabi/include/stdlib.h"
  80              		.file 9 "FT_Esd_Framework/Ft_Esd.h"
  81              		.file 10 "FT_Esd_Widgets/Ft_Esd_Theme.h"
ARM GAS  /var/folders/n8/cvzdcwlj0vl4g_wtyz1ffy300000gn/T//ccu6dUkB.s 			page 3


DEFINED SYMBOLS
                            *ABS*:0000000000000000 Ft_Esd_Theme_LightBlue.c
/var/folders/n8/cvzdcwlj0vl4g_wtyz1ffy300000gn/T//ccu6dUkB.s:18     .data.Ft_Esd_Theme_LightBlue__Instance:0000000000000000 $d
/var/folders/n8/cvzdcwlj0vl4g_wtyz1ffy300000gn/T//ccu6dUkB.s:21     .data.Ft_Esd_Theme_LightBlue__Instance:0000000000000000 Ft_Esd_Theme_LightBlue__Instance
/var/folders/n8/cvzdcwlj0vl4g_wtyz1ffy300000gn/T//ccu6dUkB.s:29     .text.Ft_Esd_Theme_LightBlue:0000000000000000 $t
/var/folders/n8/cvzdcwlj0vl4g_wtyz1ffy300000gn/T//ccu6dUkB.s:36     .text.Ft_Esd_Theme_LightBlue:0000000000000000 Ft_Esd_Theme_LightBlue
/var/folders/n8/cvzdcwlj0vl4g_wtyz1ffy300000gn/T//ccu6dUkB.s:67     .text.Ft_Esd_Theme_LightBlue:0000000000000010 $d

NO UNDEFINED SYMBOLS
