The target system is: Generic - 1 - 
The host system is: Darwin - 18.0.0 - x86_64
Compiling the C compiler identification source file "CMakeCCompilerId.c" succeeded.
Compiler: /usr/local/bin/arm-none-eabi-gcc 
Build flags: 
Id flags: -c 

The output was:
0


Compilation of the C compiler identification source "CMakeCCompilerId.c" produced "CMakeCCompilerId.o"

The C compiler identification is GNU, found in "/Users/noureldinhendy/Developmentspace/ECE477-GarageMonitoringSystem/STM32/LCD_Makefile2/cmake-build-debug/CMakeFiles/3.12.2/CompilerIdC/CMakeCCompilerId.o"

Detecting C compiler ABI info compiled with the following output:
Change Dir: /Users/noureldinhendy/Developmentspace/ECE477-GarageMonitoringSystem/STM32/LCD_Makefile2/cmake-build-debug/CMakeFiles/CMakeTmp

Run Build Command:"/usr/bin/make" "cmTC_975dd/fast"
/Library/Developer/CommandLineTools/usr/bin/make -f CMakeFiles/cmTC_975dd.dir/build.make CMakeFiles/cmTC_975dd.dir/build
Building C object CMakeFiles/cmTC_975dd.dir/CMakeCCompilerABI.c.obj
/usr/local/bin/arm-none-eabi-gcc   -mcpu=cortex-m7  -mthumb -mthumb-interwork -ffunction-sections -fdata-sections -g -fno-common -fmessage-length=0 -specs=nosys.specs -specs=nano.specs -std=gnu99    -o CMakeFiles/cmTC_975dd.dir/CMakeCCompilerABI.c.obj   -c /Applications/CLion.app/Contents/bin/cmake/mac/share/cmake-3.12/Modules/CMakeCCompilerABI.c
Linking C executable cmTC_975dd
/Applications/CLion.app/Contents/bin/cmake/mac/bin/cmake -E cmake_link_script CMakeFiles/cmTC_975dd.dir/link.txt --verbose=1
/usr/local/bin/arm-none-eabi-gcc -mcpu=cortex-m7  -mthumb -mthumb-interwork -ffunction-sections -fdata-sections -g -fno-common -fmessage-length=0 -specs=nosys.specs -specs=nano.specs -std=gnu99   -Wl,-gc-sections -T /Users/noureldinhendy/Developmentspace/ECE477-GarageMonitoringSystem/STM32/LCD_Makefile2/STM32F746ZGTx_FLASH.ld -v CMakeFiles/cmTC_975dd.dir/CMakeCCompilerABI.c.obj  -o cmTC_975dd 
Using built-in specs.
Reading specs from /usr/local/Cellar/arm-none-eabi-gcc/20180627/bin/../lib/gcc/arm-none-eabi/7.3.1/../../../../arm-none-eabi/lib/nosys.specs
rename spec link_gcc_c_sequence to nosys_link_gcc_c_sequence
Reading specs from /usr/local/Cellar/arm-none-eabi-gcc/20180627/bin/../lib/gcc/arm-none-eabi/7.3.1/../../../../arm-none-eabi/lib/nano.specs
rename spec link to nano_link
rename spec link_gcc_c_sequence to nano_link_gcc_c_sequence
rename spec cpp_unique_options to nano_cpp_unique_options
COLLECT_GCC=/usr/local/bin/arm-none-eabi-gcc
COLLECT_LTO_WRAPPER=/usr/local/Cellar/arm-none-eabi-gcc/20180627/bin/../lib/gcc/arm-none-eabi/7.3.1/lto-wrapper
Target: arm-none-eabi
Configured with: /Users/build/work/GCC-7-build/src/gcc/configure --target=arm-none-eabi --prefix=/Users/build/work/GCC-7-build/install-native --libexecdir=/Users/build/work/GCC-7-build/install-native/lib --infodir=/Users/build/work/GCC-7-build/install-native/share/doc/gcc-arm-none-eabi/info --mandir=/Users/build/work/GCC-7-build/install-native/share/doc/gcc-arm-none-eabi/man --htmldir=/Users/build/work/GCC-7-build/install-native/share/doc/gcc-arm-none-eabi/html --pdfdir=/Users/build/work/GCC-7-build/install-native/share/doc/gcc-arm-none-eabi/pdf --enable-languages=c,c++ --enable-plugins --disable-decimal-float --disable-libffi --disable-libgomp --disable-libmudflap --disable-libquadmath --disable-libssp --disable-libstdcxx-pch --disable-nls --disable-shared --disable-threads --disable-tls --with-gnu-as --with-gnu-ld --with-newlib --with-headers=yes --with-python-dir=share/gcc-arm-none-eabi --with-sysroot=/Users/build/work/GCC-7-build/install-native/arm-none-eabi --build=x86_64-apple-darwin10 --host=x86_64-apple-darwin10 --with-gmp=/Users/build/work/GCC-7-build/build-native/host-libs/usr --with-mpfr=/Users/build/work/GCC-7-build/build-native/host-libs/usr --with-mpc=/Users/build/work/GCC-7-build/build-native/host-libs/usr --with-isl=/Users/build/work/GCC-7-build/build-native/host-libs/usr --with-libelf=/Users/build/work/GCC-7-build/build-native/host-libs/usr --with-host-libstdcxx='-static-libgcc -Wl,-lstdc++ -lm' --with-pkgversion='GNU Tools for Arm Embedded Processors 7-2018-q2-update' --with-multilib-list=rmprofile
Thread model: single
gcc version 7.3.1 20180622 (release) [ARM/embedded-7-branch revision 261907] (GNU Tools for Arm Embedded Processors 7-2018-q2-update) 
COMPILER_PATH=/usr/local/Cellar/arm-none-eabi-gcc/20180627/bin/../lib/gcc/arm-none-eabi/7.3.1/:/usr/local/Cellar/arm-none-eabi-gcc/20180627/bin/../lib/gcc/:/usr/local/Cellar/arm-none-eabi-gcc/20180627/bin/../lib/gcc/arm-none-eabi/7.3.1/../../../../arm-none-eabi/bin/
LIBRARY_PATH=/usr/local/Cellar/arm-none-eabi-gcc/20180627/bin/../lib/gcc/arm-none-eabi/7.3.1/thumb/v7e-m/:/usr/local/Cellar/arm-none-eabi-gcc/20180627/bin/../lib/gcc/arm-none-eabi/7.3.1/../../../../arm-none-eabi/lib/thumb/v7e-m/:/usr/local/Cellar/arm-none-eabi-gcc/20180627/bin/../arm-none-eabi/lib/thumb/v7e-m/:/usr/local/Cellar/arm-none-eabi-gcc/20180627/bin/../lib/gcc/arm-none-eabi/7.3.1/:/usr/local/Cellar/arm-none-eabi-gcc/20180627/bin/../lib/gcc/:/usr/local/Cellar/arm-none-eabi-gcc/20180627/bin/../lib/gcc/arm-none-eabi/7.3.1/../../../../arm-none-eabi/lib/:/usr/local/Cellar/arm-none-eabi-gcc/20180627/bin/../arm-none-eabi/lib/
COLLECT_GCC_OPTIONS='-mcpu=cortex-m7' '-mthumb' '-mthumb-interwork' '-ffunction-sections' '-fdata-sections' '-g' '-fno-common' '-fmessage-length=0' '-specs=nosys.specs' '-specs=nano.specs' '-std=gnu99' '-T' '/Users/noureldinhendy/Developmentspace/ECE477-GarageMonitoringSystem/STM32/LCD_Makefile2/STM32F746ZGTx_FLASH.ld' '-v' '-o' 'cmTC_975dd'
 /usr/local/Cellar/arm-none-eabi-gcc/20180627/bin/../lib/gcc/arm-none-eabi/7.3.1/collect2 -plugin /usr/local/Cellar/arm-none-eabi-gcc/20180627/bin/../lib/gcc/arm-none-eabi/7.3.1/liblto_plugin.so -plugin-opt=/usr/local/Cellar/arm-none-eabi-gcc/20180627/bin/../lib/gcc/arm-none-eabi/7.3.1/lto-wrapper -plugin-opt=-fresolution=/var/folders/n8/cvzdcwlj0vl4g_wtyz1ffy300000gn/T//ccJoYzvZ.res -plugin-opt=-pass-through=-lgcc -plugin-opt=-pass-through=-lg_nano -plugin-opt=-pass-through=-lc_nano -plugin-opt=-pass-through=-lgcc -plugin-opt=-pass-through=-lc_nano -plugin-opt=-pass-through=-lnosys -plugin-opt=-pass-through=-lgcc -plugin-opt=-pass-through=-lc_nano -plugin-opt=-pass-through=-lnosys --sysroot=/usr/local/Cellar/arm-none-eabi-gcc/20180627/bin/../arm-none-eabi -X -o cmTC_975dd /usr/local/Cellar/arm-none-eabi-gcc/20180627/bin/../lib/gcc/arm-none-eabi/7.3.1/thumb/v7e-m/crti.o /usr/local/Cellar/arm-none-eabi-gcc/20180627/bin/../lib/gcc/arm-none-eabi/7.3.1/thumb/v7e-m/crtbegin.o /usr/local/Cellar/arm-none-eabi-gcc/20180627/bin/../lib/gcc/arm-none-eabi/7.3.1/../../../../arm-none-eabi/lib/thumb/v7e-m/crt0.o -L/usr/local/Cellar/arm-none-eabi-gcc/20180627/bin/../lib/gcc/arm-none-eabi/7.3.1/thumb/v7e-m -L/usr/local/Cellar/arm-none-eabi-gcc/20180627/bin/../lib/gcc/arm-none-eabi/7.3.1/../../../../arm-none-eabi/lib/thumb/v7e-m -L/usr/local/Cellar/arm-none-eabi-gcc/20180627/bin/../arm-none-eabi/lib/thumb/v7e-m -L/usr/local/Cellar/arm-none-eabi-gcc/20180627/bin/../lib/gcc/arm-none-eabi/7.3.1 -L/usr/local/Cellar/arm-none-eabi-gcc/20180627/bin/../lib/gcc -L/usr/local/Cellar/arm-none-eabi-gcc/20180627/bin/../lib/gcc/arm-none-eabi/7.3.1/../../../../arm-none-eabi/lib -L/usr/local/Cellar/arm-none-eabi-gcc/20180627/bin/../arm-none-eabi/lib -gc-sections CMakeFiles/cmTC_975dd.dir/CMakeCCompilerABI.c.obj --start-group -lgcc -lg_nano -lc_nano --end-group --start-group -lgcc -lc_nano -lnosys --end-group --start-group -lgcc -lc_nano -lnosys --end-group /usr/local/Cellar/arm-none-eabi-gcc/20180627/bin/../lib/gcc/arm-none-eabi/7.3.1/thumb/v7e-m/crtend.o /usr/local/Cellar/arm-none-eabi-gcc/20180627/bin/../lib/gcc/arm-none-eabi/7.3.1/thumb/v7e-m/crtn.o -T /Users/noureldinhendy/Developmentspace/ECE477-GarageMonitoringSystem/STM32/LCD_Makefile2/STM32F746ZGTx_FLASH.ld
/usr/local/Cellar/arm-none-eabi-gcc/20180627/bin/../lib/gcc/arm-none-eabi/7.3.1/../../../../arm-none-eabi/bin/ld: warning: cannot find entry symbol Reset_Handler; defaulting to 0000000008000000
COLLECT_GCC_OPTIONS='-mcpu=cortex-m7' '-mthumb' '-mthumb-interwork' '-ffunction-sections' '-fdata-sections' '-g' '-fno-common' '-fmessage-length=0' '-specs=nosys.specs' '-specs=nano.specs' '-std=gnu99' '-T' '/Users/noureldinhendy/Developmentspace/ECE477-GarageMonitoringSystem/STM32/LCD_Makefile2/STM32F746ZGTx_FLASH.ld' '-v' '-o' 'cmTC_975dd'


Parsed C implicit link information from above output:
  link line regex: [^( *|.*[/\])(arm-none-eabi-ld|CMAKE_LINK_STARTFILE-NOTFOUND|([^/\]+-)?ld|collect2)[^/\]*( |$)]
  ignore line: [Change Dir: /Users/noureldinhendy/Developmentspace/ECE477-GarageMonitoringSystem/STM32/LCD_Makefile2/cmake-build-debug/CMakeFiles/CMakeTmp]
  ignore line: []
  ignore line: [Run Build Command:"/usr/bin/make" "cmTC_975dd/fast"]
  ignore line: [/Library/Developer/CommandLineTools/usr/bin/make -f CMakeFiles/cmTC_975dd.dir/build.make CMakeFiles/cmTC_975dd.dir/build]
  ignore line: [Building C object CMakeFiles/cmTC_975dd.dir/CMakeCCompilerABI.c.obj]
  ignore line: [/usr/local/bin/arm-none-eabi-gcc   -mcpu=cortex-m7  -mthumb -mthumb-interwork -ffunction-sections -fdata-sections -g -fno-common -fmessage-length=0 -specs=nosys.specs -specs=nano.specs -std=gnu99    -o CMakeFiles/cmTC_975dd.dir/CMakeCCompilerABI.c.obj   -c /Applications/CLion.app/Contents/bin/cmake/mac/share/cmake-3.12/Modules/CMakeCCompilerABI.c]
  ignore line: [Linking C executable cmTC_975dd]
  ignore line: [/Applications/CLion.app/Contents/bin/cmake/mac/bin/cmake -E cmake_link_script CMakeFiles/cmTC_975dd.dir/link.txt --verbose=1]
  ignore line: [/usr/local/bin/arm-none-eabi-gcc -mcpu=cortex-m7  -mthumb -mthumb-interwork -ffunction-sections -fdata-sections -g -fno-common -fmessage-length=0 -specs=nosys.specs -specs=nano.specs -std=gnu99   -Wl,-gc-sections -T /Users/noureldinhendy/Developmentspace/ECE477-GarageMonitoringSystem/STM32/LCD_Makefile2/STM32F746ZGTx_FLASH.ld -v CMakeFiles/cmTC_975dd.dir/CMakeCCompilerABI.c.obj  -o cmTC_975dd ]
  ignore line: [Using built-in specs.]
  ignore line: [Reading specs from /usr/local/Cellar/arm-none-eabi-gcc/20180627/bin/../lib/gcc/arm-none-eabi/7.3.1/../../../../arm-none-eabi/lib/nosys.specs]
  ignore line: [rename spec link_gcc_c_sequence to nosys_link_gcc_c_sequence]
  ignore line: [Reading specs from /usr/local/Cellar/arm-none-eabi-gcc/20180627/bin/../lib/gcc/arm-none-eabi/7.3.1/../../../../arm-none-eabi/lib/nano.specs]
  ignore line: [rename spec link to nano_link]
  ignore line: [rename spec link_gcc_c_sequence to nano_link_gcc_c_sequence]
  ignore line: [rename spec cpp_unique_options to nano_cpp_unique_options]
  ignore line: [COLLECT_GCC=/usr/local/bin/arm-none-eabi-gcc]
  ignore line: [COLLECT_LTO_WRAPPER=/usr/local/Cellar/arm-none-eabi-gcc/20180627/bin/../lib/gcc/arm-none-eabi/7.3.1/lto-wrapper]
  ignore line: [Target: arm-none-eabi]
  ignore line: [Configured with: /Users/build/work/GCC-7-build/src/gcc/configure --target=arm-none-eabi --prefix=/Users/build/work/GCC-7-build/install-native --libexecdir=/Users/build/work/GCC-7-build/install-native/lib --infodir=/Users/build/work/GCC-7-build/install-native/share/doc/gcc-arm-none-eabi/info --mandir=/Users/build/work/GCC-7-build/install-native/share/doc/gcc-arm-none-eabi/man --htmldir=/Users/build/work/GCC-7-build/install-native/share/doc/gcc-arm-none-eabi/html --pdfdir=/Users/build/work/GCC-7-build/install-native/share/doc/gcc-arm-none-eabi/pdf --enable-languages=c,c++ --enable-plugins --disable-decimal-float --disable-libffi --disable-libgomp --disable-libmudflap --disable-libquadmath --disable-libssp --disable-libstdcxx-pch --disable-nls --disable-shared --disable-threads --disable-tls --with-gnu-as --with-gnu-ld --with-newlib --with-headers=yes --with-python-dir=share/gcc-arm-none-eabi --with-sysroot=/Users/build/work/GCC-7-build/install-native/arm-none-eabi --build=x86_64-apple-darwin10 --host=x86_64-apple-darwin10 --with-gmp=/Users/build/work/GCC-7-build/build-native/host-libs/usr --with-mpfr=/Users/build/work/GCC-7-build/build-native/host-libs/usr --with-mpc=/Users/build/work/GCC-7-build/build-native/host-libs/usr --with-isl=/Users/build/work/GCC-7-build/build-native/host-libs/usr --with-libelf=/Users/build/work/GCC-7-build/build-native/host-libs/usr --with-host-libstdcxx='-static-libgcc -Wl,-lstdc++ -lm' --with-pkgversion='GNU Tools for Arm Embedded Processors 7-2018-q2-update' --with-multilib-list=rmprofile]
  ignore line: [Thread model: single]
  ignore line: [gcc version 7.3.1 20180622 (release) [ARM/embedded-7-branch revision 261907] (GNU Tools for Arm Embedded Processors 7-2018-q2-update) ]
  ignore line: [COMPILER_PATH=/usr/local/Cellar/arm-none-eabi-gcc/20180627/bin/../lib/gcc/arm-none-eabi/7.3.1/:/usr/local/Cellar/arm-none-eabi-gcc/20180627/bin/../lib/gcc/:/usr/local/Cellar/arm-none-eabi-gcc/20180627/bin/../lib/gcc/arm-none-eabi/7.3.1/../../../../arm-none-eabi/bin/]
  ignore line: [LIBRARY_PATH=/usr/local/Cellar/arm-none-eabi-gcc/20180627/bin/../lib/gcc/arm-none-eabi/7.3.1/thumb/v7e-m/:/usr/local/Cellar/arm-none-eabi-gcc/20180627/bin/../lib/gcc/arm-none-eabi/7.3.1/../../../../arm-none-eabi/lib/thumb/v7e-m/:/usr/local/Cellar/arm-none-eabi-gcc/20180627/bin/../arm-none-eabi/lib/thumb/v7e-m/:/usr/local/Cellar/arm-none-eabi-gcc/20180627/bin/../lib/gcc/arm-none-eabi/7.3.1/:/usr/local/Cellar/arm-none-eabi-gcc/20180627/bin/../lib/gcc/:/usr/local/Cellar/arm-none-eabi-gcc/20180627/bin/../lib/gcc/arm-none-eabi/7.3.1/../../../../arm-none-eabi/lib/:/usr/local/Cellar/arm-none-eabi-gcc/20180627/bin/../arm-none-eabi/lib/]
  ignore line: [COLLECT_GCC_OPTIONS='-mcpu=cortex-m7' '-mthumb' '-mthumb-interwork' '-ffunction-sections' '-fdata-sections' '-g' '-fno-common' '-fmessage-length=0' '-specs=nosys.specs' '-specs=nano.specs' '-std=gnu99' '-T' '/Users/noureldinhendy/Developmentspace/ECE477-GarageMonitoringSystem/STM32/LCD_Makefile2/STM32F746ZGTx_FLASH.ld' '-v' '-o' 'cmTC_975dd']
  link line: [ /usr/local/Cellar/arm-none-eabi-gcc/20180627/bin/../lib/gcc/arm-none-eabi/7.3.1/collect2 -plugin /usr/local/Cellar/arm-none-eabi-gcc/20180627/bin/../lib/gcc/arm-none-eabi/7.3.1/liblto_plugin.so -plugin-opt=/usr/local/Cellar/arm-none-eabi-gcc/20180627/bin/../lib/gcc/arm-none-eabi/7.3.1/lto-wrapper -plugin-opt=-fresolution=/var/folders/n8/cvzdcwlj0vl4g_wtyz1ffy300000gn/T//ccJoYzvZ.res -plugin-opt=-pass-through=-lgcc -plugin-opt=-pass-through=-lg_nano -plugin-opt=-pass-through=-lc_nano -plugin-opt=-pass-through=-lgcc -plugin-opt=-pass-through=-lc_nano -plugin-opt=-pass-through=-lnosys -plugin-opt=-pass-through=-lgcc -plugin-opt=-pass-through=-lc_nano -plugin-opt=-pass-through=-lnosys --sysroot=/usr/local/Cellar/arm-none-eabi-gcc/20180627/bin/../arm-none-eabi -X -o cmTC_975dd /usr/local/Cellar/arm-none-eabi-gcc/20180627/bin/../lib/gcc/arm-none-eabi/7.3.1/thumb/v7e-m/crti.o /usr/local/Cellar/arm-none-eabi-gcc/20180627/bin/../lib/gcc/arm-none-eabi/7.3.1/thumb/v7e-m/crtbegin.o /usr/local/Cellar/arm-none-eabi-gcc/20180627/bin/../lib/gcc/arm-none-eabi/7.3.1/../../../../arm-none-eabi/lib/thumb/v7e-m/crt0.o -L/usr/local/Cellar/arm-none-eabi-gcc/20180627/bin/../lib/gcc/arm-none-eabi/7.3.1/thumb/v7e-m -L/usr/local/Cellar/arm-none-eabi-gcc/20180627/bin/../lib/gcc/arm-none-eabi/7.3.1/../../../../arm-none-eabi/lib/thumb/v7e-m -L/usr/local/Cellar/arm-none-eabi-gcc/20180627/bin/../arm-none-eabi/lib/thumb/v7e-m -L/usr/local/Cellar/arm-none-eabi-gcc/20180627/bin/../lib/gcc/arm-none-eabi/7.3.1 -L/usr/local/Cellar/arm-none-eabi-gcc/20180627/bin/../lib/gcc -L/usr/local/Cellar/arm-none-eabi-gcc/20180627/bin/../lib/gcc/arm-none-eabi/7.3.1/../../../../arm-none-eabi/lib -L/usr/local/Cellar/arm-none-eabi-gcc/20180627/bin/../arm-none-eabi/lib -gc-sections CMakeFiles/cmTC_975dd.dir/CMakeCCompilerABI.c.obj --start-group -lgcc -lg_nano -lc_nano --end-group --start-group -lgcc -lc_nano -lnosys --end-group --start-group -lgcc -lc_nano -lnosys --end-group /usr/local/Cellar/arm-none-eabi-gcc/20180627/bin/../lib/gcc/arm-none-eabi/7.3.1/thumb/v7e-m/crtend.o /usr/local/Cellar/arm-none-eabi-gcc/20180627/bin/../lib/gcc/arm-none-eabi/7.3.1/thumb/v7e-m/crtn.o -T /Users/noureldinhendy/Developmentspace/ECE477-GarageMonitoringSystem/STM32/LCD_Makefile2/STM32F746ZGTx_FLASH.ld]
    arg [/usr/local/Cellar/arm-none-eabi-gcc/20180627/bin/../lib/gcc/arm-none-eabi/7.3.1/collect2] ==> ignore
    arg [-plugin] ==> ignore
    arg [/usr/local/Cellar/arm-none-eabi-gcc/20180627/bin/../lib/gcc/arm-none-eabi/7.3.1/liblto_plugin.so] ==> ignore
    arg [-plugin-opt=/usr/local/Cellar/arm-none-eabi-gcc/20180627/bin/../lib/gcc/arm-none-eabi/7.3.1/lto-wrapper] ==> ignore
    arg [-plugin-opt=-fresolution=/var/folders/n8/cvzdcwlj0vl4g_wtyz1ffy300000gn/T//ccJoYzvZ.res] ==> ignore
    arg [-plugin-opt=-pass-through=-lgcc] ==> ignore
    arg [-plugin-opt=-pass-through=-lg_nano] ==> ignore
    arg [-plugin-opt=-pass-through=-lc_nano] ==> ignore
    arg [-plugin-opt=-pass-through=-lgcc] ==> ignore
    arg [-plugin-opt=-pass-through=-lc_nano] ==> ignore
    arg [-plugin-opt=-pass-through=-lnosys] ==> ignore
    arg [-plugin-opt=-pass-through=-lgcc] ==> ignore
    arg [-plugin-opt=-pass-through=-lc_nano] ==> ignore
    arg [-plugin-opt=-pass-through=-lnosys] ==> ignore
    arg [--sysroot=/usr/local/Cellar/arm-none-eabi-gcc/20180627/bin/../arm-none-eabi] ==> ignore
    arg [-X] ==> ignore
    arg [-o] ==> ignore
    arg [cmTC_975dd] ==> ignore
    arg [/usr/local/Cellar/arm-none-eabi-gcc/20180627/bin/../lib/gcc/arm-none-eabi/7.3.1/thumb/v7e-m/crti.o] ==> ignore
    arg [/usr/local/Cellar/arm-none-eabi-gcc/20180627/bin/../lib/gcc/arm-none-eabi/7.3.1/thumb/v7e-m/crtbegin.o] ==> ignore
    arg [/usr/local/Cellar/arm-none-eabi-gcc/20180627/bin/../lib/gcc/arm-none-eabi/7.3.1/../../../../arm-none-eabi/lib/thumb/v7e-m/crt0.o] ==> ignore
    arg [-L/usr/local/Cellar/arm-none-eabi-gcc/20180627/bin/../lib/gcc/arm-none-eabi/7.3.1/thumb/v7e-m] ==> dir [/usr/local/Cellar/arm-none-eabi-gcc/20180627/bin/../lib/gcc/arm-none-eabi/7.3.1/thumb/v7e-m]
    arg [-L/usr/local/Cellar/arm-none-eabi-gcc/20180627/bin/../lib/gcc/arm-none-eabi/7.3.1/../../../../arm-none-eabi/lib/thumb/v7e-m] ==> dir [/usr/local/Cellar/arm-none-eabi-gcc/20180627/bin/../lib/gcc/arm-none-eabi/7.3.1/../../../../arm-none-eabi/lib/thumb/v7e-m]
    arg [-L/usr/local/Cellar/arm-none-eabi-gcc/20180627/bin/../arm-none-eabi/lib/thumb/v7e-m] ==> dir [/usr/local/Cellar/arm-none-eabi-gcc/20180627/bin/../arm-none-eabi/lib/thumb/v7e-m]
    arg [-L/usr/local/Cellar/arm-none-eabi-gcc/20180627/bin/../lib/gcc/arm-none-eabi/7.3.1] ==> dir [/usr/local/Cellar/arm-none-eabi-gcc/20180627/bin/../lib/gcc/arm-none-eabi/7.3.1]
    arg [-L/usr/local/Cellar/arm-none-eabi-gcc/20180627/bin/../lib/gcc] ==> dir [/usr/local/Cellar/arm-none-eabi-gcc/20180627/bin/../lib/gcc]
    arg [-L/usr/local/Cellar/arm-none-eabi-gcc/20180627/bin/../lib/gcc/arm-none-eabi/7.3.1/../../../../arm-none-eabi/lib] ==> dir [/usr/local/Cellar/arm-none-eabi-gcc/20180627/bin/../lib/gcc/arm-none-eabi/7.3.1/../../../../arm-none-eabi/lib]
    arg [-L/usr/local/Cellar/arm-none-eabi-gcc/20180627/bin/../arm-none-eabi/lib] ==> dir [/usr/local/Cellar/arm-none-eabi-gcc/20180627/bin/../arm-none-eabi/lib]
    arg [-gc-sections] ==> ignore
    arg [CMakeFiles/cmTC_975dd.dir/CMakeCCompilerABI.c.obj] ==> ignore
    arg [--start-group] ==> ignore
    arg [-lgcc] ==> lib [gcc]
    arg [-lg_nano] ==> lib [g_nano]
    arg [-lc_nano] ==> lib [c_nano]
    arg [--end-group] ==> ignore
    arg [--start-group] ==> ignore
    arg [-lgcc] ==> lib [gcc]
    arg [-lc_nano] ==> lib [c_nano]
    arg [-lnosys] ==> lib [nosys]
    arg [--end-group] ==> ignore
    arg [--start-group] ==> ignore
    arg [-lgcc] ==> lib [gcc]
    arg [-lc_nano] ==> lib [c_nano]
    arg [-lnosys] ==> lib [nosys]
    arg [--end-group] ==> ignore
    arg [/usr/local/Cellar/arm-none-eabi-gcc/20180627/bin/../lib/gcc/arm-none-eabi/7.3.1/thumb/v7e-m/crtend.o] ==> ignore
    arg [/usr/local/Cellar/arm-none-eabi-gcc/20180627/bin/../lib/gcc/arm-none-eabi/7.3.1/thumb/v7e-m/crtn.o] ==> ignore
    arg [-T] ==> ignore
    arg [/Users/noureldinhendy/Developmentspace/ECE477-GarageMonitoringSystem/STM32/LCD_Makefile2/STM32F746ZGTx_FLASH.ld] ==> ignore
  collapse library dir [/usr/local/Cellar/arm-none-eabi-gcc/20180627/bin/../lib/gcc/arm-none-eabi/7.3.1/thumb/v7e-m] ==> [/usr/local/Cellar/arm-none-eabi-gcc/20180627/lib/gcc/arm-none-eabi/7.3.1/thumb/v7e-m]
  collapse library dir [/usr/local/Cellar/arm-none-eabi-gcc/20180627/bin/../lib/gcc/arm-none-eabi/7.3.1/../../../../arm-none-eabi/lib/thumb/v7e-m] ==> [/usr/local/Cellar/arm-none-eabi-gcc/20180627/arm-none-eabi/lib/thumb/v7e-m]
  collapse library dir [/usr/local/Cellar/arm-none-eabi-gcc/20180627/bin/../arm-none-eabi/lib/thumb/v7e-m] ==> [/usr/local/Cellar/arm-none-eabi-gcc/20180627/arm-none-eabi/lib/thumb/v7e-m]
  collapse library dir [/usr/local/Cellar/arm-none-eabi-gcc/20180627/bin/../lib/gcc/arm-none-eabi/7.3.1] ==> [/usr/local/Cellar/arm-none-eabi-gcc/20180627/lib/gcc/arm-none-eabi/7.3.1]
  collapse library dir [/usr/local/Cellar/arm-none-eabi-gcc/20180627/bin/../lib/gcc] ==> [/usr/local/Cellar/arm-none-eabi-gcc/20180627/lib/gcc]
  collapse library dir [/usr/local/Cellar/arm-none-eabi-gcc/20180627/bin/../lib/gcc/arm-none-eabi/7.3.1/../../../../arm-none-eabi/lib] ==> [/usr/local/Cellar/arm-none-eabi-gcc/20180627/arm-none-eabi/lib]
  collapse library dir [/usr/local/Cellar/arm-none-eabi-gcc/20180627/bin/../arm-none-eabi/lib] ==> [/usr/local/Cellar/arm-none-eabi-gcc/20180627/arm-none-eabi/lib]
  implicit libs: [gcc;g_nano;c_nano;gcc;c_nano;nosys;gcc;c_nano;nosys]
  implicit dirs: [/usr/local/Cellar/arm-none-eabi-gcc/20180627/lib/gcc/arm-none-eabi/7.3.1/thumb/v7e-m;/usr/local/Cellar/arm-none-eabi-gcc/20180627/arm-none-eabi/lib/thumb/v7e-m;/usr/local/Cellar/arm-none-eabi-gcc/20180627/lib/gcc/arm-none-eabi/7.3.1;/usr/local/Cellar/arm-none-eabi-gcc/20180627/lib/gcc;/usr/local/Cellar/arm-none-eabi-gcc/20180627/arm-none-eabi/lib]
  implicit fwks: []




Detecting C [-std=c11] compiler features compiled with the following output:
Change Dir: /Users/noureldinhendy/Developmentspace/ECE477-GarageMonitoringSystem/STM32/LCD_Makefile2/cmake-build-debug/CMakeFiles/CMakeTmp

Run Build Command:"/usr/bin/make" "cmTC_7b52f/fast"
/Library/Developer/CommandLineTools/usr/bin/make -f CMakeFiles/cmTC_7b52f.dir/build.make CMakeFiles/cmTC_7b52f.dir/build
Building C object CMakeFiles/cmTC_7b52f.dir/feature_tests.c.obj
/usr/local/bin/arm-none-eabi-gcc   -mcpu=cortex-m7  -mthumb -mthumb-interwork -ffunction-sections -fdata-sections -g -fno-common -fmessage-length=0 -specs=nosys.specs -specs=nano.specs -std=gnu99    -std=c11 -o CMakeFiles/cmTC_7b52f.dir/feature_tests.c.obj   -c /Users/noureldinhendy/Developmentspace/ECE477-GarageMonitoringSystem/STM32/LCD_Makefile2/cmake-build-debug/CMakeFiles/feature_tests.c
Linking C executable cmTC_7b52f
/Applications/CLion.app/Contents/bin/cmake/mac/bin/cmake -E cmake_link_script CMakeFiles/cmTC_7b52f.dir/link.txt --verbose=1
/usr/local/bin/arm-none-eabi-gcc -mcpu=cortex-m7  -mthumb -mthumb-interwork -ffunction-sections -fdata-sections -g -fno-common -fmessage-length=0 -specs=nosys.specs -specs=nano.specs -std=gnu99   -Wl,-gc-sections -T /Users/noureldinhendy/Developmentspace/ECE477-GarageMonitoringSystem/STM32/LCD_Makefile2/STM32F746ZGTx_FLASH.ld  CMakeFiles/cmTC_7b52f.dir/feature_tests.c.obj  -o cmTC_7b52f 
/usr/local/Cellar/arm-none-eabi-gcc/20180627/bin/../lib/gcc/arm-none-eabi/7.3.1/../../../../arm-none-eabi/bin/ld: warning: cannot find entry symbol Reset_Handler; defaulting to 0000000008000000




Detecting C [-std=c99] compiler features compiled with the following output:
Change Dir: /Users/noureldinhendy/Developmentspace/ECE477-GarageMonitoringSystem/STM32/LCD_Makefile2/cmake-build-debug/CMakeFiles/CMakeTmp

Run Build Command:"/usr/bin/make" "cmTC_9b931/fast"
/Library/Developer/CommandLineTools/usr/bin/make -f CMakeFiles/cmTC_9b931.dir/build.make CMakeFiles/cmTC_9b931.dir/build
Building C object CMakeFiles/cmTC_9b931.dir/feature_tests.c.obj
/usr/local/bin/arm-none-eabi-gcc   -mcpu=cortex-m7  -mthumb -mthumb-interwork -ffunction-sections -fdata-sections -g -fno-common -fmessage-length=0 -specs=nosys.specs -specs=nano.specs -std=gnu99    -std=c99 -o CMakeFiles/cmTC_9b931.dir/feature_tests.c.obj   -c /Users/noureldinhendy/Developmentspace/ECE477-GarageMonitoringSystem/STM32/LCD_Makefile2/cmake-build-debug/CMakeFiles/feature_tests.c
Linking C executable cmTC_9b931
/Applications/CLion.app/Contents/bin/cmake/mac/bin/cmake -E cmake_link_script CMakeFiles/cmTC_9b931.dir/link.txt --verbose=1
/usr/local/bin/arm-none-eabi-gcc -mcpu=cortex-m7  -mthumb -mthumb-interwork -ffunction-sections -fdata-sections -g -fno-common -fmessage-length=0 -specs=nosys.specs -specs=nano.specs -std=gnu99   -Wl,-gc-sections -T /Users/noureldinhendy/Developmentspace/ECE477-GarageMonitoringSystem/STM32/LCD_Makefile2/STM32F746ZGTx_FLASH.ld  CMakeFiles/cmTC_9b931.dir/feature_tests.c.obj  -o cmTC_9b931 
/usr/local/Cellar/arm-none-eabi-gcc/20180627/bin/../lib/gcc/arm-none-eabi/7.3.1/../../../../arm-none-eabi/bin/ld: warning: cannot find entry symbol Reset_Handler; defaulting to 0000000008000000




Detecting C [-std=c90] compiler features compiled with the following output:
Change Dir: /Users/noureldinhendy/Developmentspace/ECE477-GarageMonitoringSystem/STM32/LCD_Makefile2/cmake-build-debug/CMakeFiles/CMakeTmp

Run Build Command:"/usr/bin/make" "cmTC_02381/fast"
/Library/Developer/CommandLineTools/usr/bin/make -f CMakeFiles/cmTC_02381.dir/build.make CMakeFiles/cmTC_02381.dir/build
Building C object CMakeFiles/cmTC_02381.dir/feature_tests.c.obj
/usr/local/bin/arm-none-eabi-gcc   -mcpu=cortex-m7  -mthumb -mthumb-interwork -ffunction-sections -fdata-sections -g -fno-common -fmessage-length=0 -specs=nosys.specs -specs=nano.specs -std=gnu99    -std=c90 -o CMakeFiles/cmTC_02381.dir/feature_tests.c.obj   -c /Users/noureldinhendy/Developmentspace/ECE477-GarageMonitoringSystem/STM32/LCD_Makefile2/cmake-build-debug/CMakeFiles/feature_tests.c
Linking C executable cmTC_02381
/Applications/CLion.app/Contents/bin/cmake/mac/bin/cmake -E cmake_link_script CMakeFiles/cmTC_02381.dir/link.txt --verbose=1
/usr/local/bin/arm-none-eabi-gcc -mcpu=cortex-m7  -mthumb -mthumb-interwork -ffunction-sections -fdata-sections -g -fno-common -fmessage-length=0 -specs=nosys.specs -specs=nano.specs -std=gnu99   -Wl,-gc-sections -T /Users/noureldinhendy/Developmentspace/ECE477-GarageMonitoringSystem/STM32/LCD_Makefile2/STM32F746ZGTx_FLASH.ld  CMakeFiles/cmTC_02381.dir/feature_tests.c.obj  -o cmTC_02381 
/usr/local/Cellar/arm-none-eabi-gcc/20180627/bin/../lib/gcc/arm-none-eabi/7.3.1/../../../../arm-none-eabi/bin/ld: warning: cannot find entry symbol Reset_Handler; defaulting to 0000000008000000


